Log file open, 04/30/20 14:52:39
LogWindows: Failed to load 'aqProf.dll' (GetLastError=126)
LogWindows: File 'aqProf.dll' does not exist
LogWindows: Failed to load 'VtuneApi.dll' (GetLastError=126)
LogWindows: File 'VtuneApi.dll' does not exist
LogWindows: Failed to load 'VtuneApi32e.dll' (GetLastError=126)
LogWindows: File 'VtuneApi32e.dll' does not exist
LogConsoleResponse: Display: Failed to find resolution value strings in scalability ini. Falling back to default.
LogInit: Display: Running engine for game: Tropic_escape
LogPlatformFile: Not using cached read wrapper
LogTaskGraph: Started task graph with 5 named threads and 11 total threads with 3 sets of task threads.
LogStats: Stats thread started at 0.091938
LogD3D11RHI: Loaded GFSDK_Aftermath_Lib.x64.dll
LogICUInternationalization: ICU TimeZone Detection - Raw Offset: +3:00, Platform Override: ''
LogPluginManager: Mounting plugin Paper2D
LogPluginManager: Mounting plugin AISupport
LogPluginManager: Mounting plugin LightPropagationVolume
LogPluginManager: Mounting plugin ActorLayerUtilities
LogPluginManager: Mounting plugin AnimationSharing
LogPluginManager: Mounting plugin CLionSourceCodeAccess
LogPluginManager: Mounting plugin CodeLiteSourceCodeAccess
LogPluginManager: Mounting plugin GitSourceControl
LogPluginManager: Mounting plugin KDevelopSourceCodeAccess
LogPluginManager: Mounting plugin NullSourceCodeAccess
LogPluginManager: Mounting plugin PerforceSourceControl
LogPluginManager: Mounting plugin PlasticSourceControl
LogPluginManager: Mounting plugin SubversionSourceControl
LogPluginManager: Mounting plugin UObjectPlugin
LogPluginManager: Mounting plugin VisualStudioCodeSourceCodeAccess
LogPluginManager: Mounting plugin VisualStudioSourceCodeAccess
LogPluginManager: Mounting plugin XCodeSourceCodeAccess
LogPluginManager: Mounting plugin AssetManagerEditor
LogPluginManager: Mounting plugin CryptoKeys
LogPluginManager: Mounting plugin CurveEditorTools
LogPluginManager: Mounting plugin DataValidation
LogPluginManager: Mounting plugin EditorScriptingUtilities
LogPluginManager: Mounting plugin FacialAnimation
LogPluginManager: Mounting plugin GameplayTagsEditor
LogPluginManager: Mounting plugin MacGraphicsSwitching
LogPluginManager: Mounting plugin MaterialAnalyzer
LogPluginManager: Mounting plugin MobileLauncherProfileWizard
LogPluginManager: Mounting plugin PluginBrowser
LogPluginManager: Mounting plugin SpeedTreeImporter
LogPluginManager: Mounting plugin DatasmithContent
LogPluginManager: Mounting plugin VariantManagerContent
LogPluginManager: Mounting plugin AlembicImporter
LogPluginManager: Mounting plugin AutomationUtils
LogPluginManager: Mounting plugin BackChannel
LogPluginManager: Mounting plugin CharacterAI
LogPluginManager: Mounting plugin GeometryCache
LogPluginManager: Mounting plugin PlatformCrypto
LogPluginManager: Mounting plugin ProxyLODPlugin
LogPluginManager: Mounting plugin PythonScriptPlugin
LogPluginManager: Mounting plugin SkeletalReduction
LogPluginManager: Mounting plugin MagicLeap
LogPluginManager: Mounting plugin MagicLeapMedia
LogPluginManager: Mounting plugin MLSDK
LogPluginManager: Mounting plugin AndroidMedia
LogPluginManager: Mounting plugin AvfMedia
LogPluginManager: Mounting plugin ImgMedia
LogPluginManager: Mounting plugin MediaCompositing
LogPluginManager: Mounting plugin MediaPlayerEditor
LogPluginManager: Mounting plugin WebMMedia
LogPluginManager: Mounting plugin WmfMedia
LogPluginManager: Mounting plugin MegascansPlugin
LogPluginManager: Mounting plugin TcpMessaging
LogPluginManager: Mounting plugin UdpMessaging
LogPluginManager: Mounting plugin ActorSequence
LogPluginManager: Mounting plugin LevelSequenceEditor
LogPluginManager: Mounting plugin MatineeToLevelSequence
LogPluginManager: Mounting plugin NetcodeUnitTest
LogPluginManager: Mounting plugin NUTUnrealEngine4
LogPluginManager: Mounting plugin OnlineSubsystemGooglePlay
LogPluginManager: Mounting plugin OnlineSubsystemIOS
LogPluginManager: Mounting plugin OnlineSubsystem
LogPluginManager: Mounting plugin OnlineSubsystemNull
LogPluginManager: Mounting plugin OnlineSubsystemUtils
LogPluginManager: Mounting plugin LauncherChunkInstaller
LogPluginManager: Mounting plugin AndroidDeviceProfileSelector
LogPluginManager: Mounting plugin AndroidMoviePlayer
LogPluginManager: Mounting plugin AndroidPermission
LogPluginManager: Mounting plugin AppleImageUtils
LogPluginManager: Mounting plugin AppleMoviePlayer
LogPluginManager: Mounting plugin ArchVisCharacter
LogPluginManager: Mounting plugin AssetTags
LogPluginManager: Mounting plugin AudioCapture
LogPluginManager: Mounting plugin CableComponent
LogPluginManager: Mounting plugin CustomMeshComponent
LogPluginManager: Mounting plugin EditableMesh
LogPluginManager: Mounting plugin ExampleDeviceProfileSelector
LogPluginManager: Mounting plugin GoogleCloudMessaging
LogPluginManager: Mounting plugin HDRIBackdrop
LogPluginManager: Mounting plugin IOSDeviceProfileSelector
LogPluginManager: Mounting plugin LinuxDeviceProfileSelector
LogPluginManager: Mounting plugin LocationServicesBPLibrary
LogPluginManager: Mounting plugin MobilePatchingUtils
LogPluginManager: Mounting plugin OculusVR
LogPluginManager: Mounting plugin PhysXVehicles
LogPluginManager: Mounting plugin PostSplashScreen
LogPluginManager: Mounting plugin ProceduralMeshComponent
LogPluginManager: Mounting plugin RuntimePhysXCooking
LogPluginManager: Mounting plugin SignificanceManager
LogPluginManager: Mounting plugin SteamVR
LogPluginManager: Mounting plugin WebMMoviePlayer
LogPluginManager: Mounting plugin WindowsMoviePlayer
LogPluginManager: Mounting plugin ScreenshotTools
LogInit: Using libcurl 7.55.1-DEV
LogInit:  - built for x86_64-pc-win32
LogInit:  - supports SSL with OpenSSL/1.1.1
LogInit:  - supports HTTP deflate (compression) using libz 1.2.8
LogInit:  - other features:
LogInit:      CURL_VERSION_SSL
LogInit:      CURL_VERSION_LIBZ
LogInit:      CURL_VERSION_IPV6
LogInit:      CURL_VERSION_ASYNCHDNS
LogInit:      CURL_VERSION_LARGEFILE
LogInit:      CURL_VERSION_IDN
LogInit:  CurlRequestOptions (configurable via config and command line):
LogInit:  - bVerifyPeer = true  - Libcurl will verify peer certificate
LogInit:  - bUseHttpProxy = false  - Libcurl will NOT use HTTP proxy
LogInit:  - bDontReuseConnections = false  - Libcurl will reuse connections
LogInit:  - MaxHostConnections = 16  - Libcurl will limit the number of connections to a host
LogInit:  - LocalHostAddr = Default
LogInit:  - BufferSize = 65536
LogOnline: OSS: Creating online subsystem instance for: NULL
LogInit: WinSock: version 1.1 (2.2), MaxSocks=32767, MaxUdp=65467
LogOnline: OSS: TryLoadSubsystemAndSetDefault: Loaded subsystem for module [NULL]
LogInit: Build: ++UE4+Release-4.24-CL-11590370
LogInit: Engine Version: 4.24.3-11590370+++UE4+Release-4.24
LogInit: Compatible Engine Version: 4.24.0-10570792+++UE4+Release-4.24
LogInit: Net CL: 10570792
LogInit: OS: Windows 10 (Release 1903) (), CPU: Intel(R) Core(TM) i7-7500U CPU @ 2.70GHz, GPU: Intel(R) HD Graphics 620
LogInit: Compiled (64-bit): Feb 24 2020 15:39:18
LogInit: Compiled with Visual C++: 19.16.27032.01
LogInit: Build Configuration: Development
LogInit: Branch Name: ++UE4+Release-4.24
LogInit: Command Line: 
LogInit: Base Directory: C:/Program Files/Epic Games/UE_4.24/Engine/Binaries/Win64/
LogInit: Installed Engine Build: 1
LogDevObjectVersion: Number of dev versions registered: 25
LogDevObjectVersion:   Dev-Blueprints (B0D832E4-1F89-4F0D-ACCF-7EB736FD4AA2): 10
LogDevObjectVersion:   Dev-Build (E1C64328-A22C-4D53-A36C-8E866417BD8C): 0
LogDevObjectVersion:   Dev-Core (375EC13C-06E4-48FB-B500-84F0262A717E): 3
LogDevObjectVersion:   Dev-Editor (E4B068ED-F494-42E9-A231-DA0B2E46BB41): 37
LogDevObjectVersion:   Dev-Framework (CFFC743F-43B0-4480-9391-14DF171D2073): 36
LogDevObjectVersion:   Dev-Mobile (B02B49B5-BB20-44E9-A304-32B752E40360): 2
LogDevObjectVersion:   Dev-Networking (A4E4105C-59A1-49B5-A7C5-40C4547EDFEE): 0
LogDevObjectVersion:   Dev-Online (39C831C9-5AE6-47DC-9A44-9C173E1C8E7C): 0
LogDevObjectVersion:   Dev-Physics (78F01B33-EBEA-4F98-B9B4-84EACCB95AA2): 2
LogDevObjectVersion:   Dev-Platform (6631380F-2D4D-43E0-8009-CF276956A95A): 0
LogDevObjectVersion:   Dev-Rendering (12F88B9F-8875-4AFC-A67C-D90C383ABD29): 36
LogDevObjectVersion:   Dev-Sequencer (7B5AE74C-D270-4C10-A958-57980B212A5A): 11
LogDevObjectVersion:   Dev-VR (D7296918-1DD6-4BDD-9DE2-64A83CC13884): 2
LogDevObjectVersion:   Dev-LoadTimes (C2A15278-BFE7-4AFE-6C17-90FF531DF755): 1
LogDevObjectVersion:   Private-Geometry (6EACA3D4-40EC-4CC1-B786-8BED09428FC5): 3
LogDevObjectVersion:   Dev-AnimPhys (29E575DD-E0A3-4627-9D10-D276232CDCEA): 17
LogDevObjectVersion:   Dev-Anim (AF43A65D-7FD3-4947-9873-3E8ED9C1BB05): 2
LogDevObjectVersion:   Dev-ReflectionCapture (6B266CEC-1EC7-4B8F-A30B-E4D90942FC07): 1
LogDevObjectVersion:   Dev-Automation (0DF73D61-A23F-47EA-B727-89E90C41499A): 1
LogDevObjectVersion:   FortniteMain (601D1886-AC64-4F84-AA16-D3DE0DEAC7D6): 31
LogDevObjectVersion:   Dev-Enterprise (9DFFBCD6-494F-0158-E221-12823C92A888): 8
LogDevObjectVersion:   Dev-Niagara (F2AED0AC-9AFE-416F-8664-AA7FFA26D6FC): 1
LogDevObjectVersion:   Dev-Destruction (174F1F0B-B4C6-45A5-B13F-2EE8D0FB917D): 9
LogDevObjectVersion:   Dev-Physics-Ext (35F94A83-E258-406C-A318-09F59610247C): 8
LogDevObjectVersion:   Dev-CineCamera (B2E18506-4273-CFC2-A54E-F4BB758BBA07): 1
LogInit: Presizing for max 25165824 objects, including 0 objects not considered by GC, pre-allocating 0 bytes for permanent pool.
LogInit: Object subsystem initialized
LogConfig: Setting CVar [[con.DebugEarlyDefault:1]]
LogConfig: Setting CVar [[r.setres:1280x720]]
[2020.04.30-11.52.40:213][  0]LogConfig: Setting CVar [[r.VSync:0]]
[2020.04.30-11.52.40:213][  0]LogConfig: Setting CVar [[r.RHICmdBypass:0]]
[2020.04.30-11.52.40:213][  0]LogConfig: Applying CVar settings from Section [/Script/Engine.RendererSettings] File [C:/Users/Никита/Documents/Unreal Projects/Tropic_escape/Saved/Config/Windows/Engine.ini]
[2020.04.30-11.52.40:213][  0]LogConfig: Setting CVar [[r.GPUCrashDebugging:0]]
[2020.04.30-11.52.40:213][  0]LogConfig: Applying CVar settings from Section [/Script/Engine.RendererOverrideSettings] File [C:/Users/Никита/Documents/Unreal Projects/Tropic_escape/Saved/Config/Windows/Engine.ini]
[2020.04.30-11.52.40:213][  0]LogConfig: Applying CVar settings from Section [/Script/Engine.StreamingSettings] File [C:/Users/Никита/Documents/Unreal Projects/Tropic_escape/Saved/Config/Windows/Engine.ini]
[2020.04.30-11.52.40:213][  0]LogConfig: Setting CVar [[s.MinBulkDataSizeForAsyncLoading:131072]]
[2020.04.30-11.52.40:213][  0]LogConfig: Setting CVar [[s.AsyncLoadingThreadEnabled:0]]
[2020.04.30-11.52.40:213][  0]LogConfig: Setting CVar [[s.EventDrivenLoaderEnabled:1]]
[2020.04.30-11.52.40:213][  0]LogConfig: Setting CVar [[s.WarnIfTimeLimitExceeded:0]]
[2020.04.30-11.52.40:213][  0]LogConfig: Setting CVar [[s.TimeLimitExceededMultiplier:1.5]]
[2020.04.30-11.52.40:213][  0]LogConfig: Setting CVar [[s.TimeLimitExceededMinTime:0.005]]
[2020.04.30-11.52.40:213][  0]LogConfig: Setting CVar [[s.UseBackgroundLevelStreaming:1]]
[2020.04.30-11.52.40:213][  0]LogConfig: Setting CVar [[s.PriorityAsyncLoadingExtraTime:15.0]]
[2020.04.30-11.52.40:213][  0]LogConfig: Setting CVar [[s.LevelStreamingActorsUpdateTimeLimit:5.0]]
[2020.04.30-11.52.40:213][  0]LogConfig: Setting CVar [[s.PriorityLevelStreamingActorsUpdateExtraTime:5.0]]
[2020.04.30-11.52.40:213][  0]LogConfig: Setting CVar [[s.LevelStreamingComponentsRegistrationGranularity:10]]
[2020.04.30-11.52.40:213][  0]LogConfig: Setting CVar [[s.UnregisterComponentsTimeLimit:1.0]]
[2020.04.30-11.52.40:213][  0]LogConfig: Setting CVar [[s.LevelStreamingComponentsUnregistrationGranularity:5]]
[2020.04.30-11.52.40:213][  0]LogConfig: Setting CVar [[s.FlushStreamingOnExit:1]]
[2020.04.30-11.52.40:213][  0]LogConfig: Applying CVar settings from Section [/Script/Engine.GarbageCollectionSettings] File [C:/Users/Никита/Documents/Unreal Projects/Tropic_escape/Saved/Config/Windows/Engine.ini]
[2020.04.30-11.52.40:213][  0]LogConfig: Setting CVar [[gc.MaxObjectsNotConsideredByGC:1]]
[2020.04.30-11.52.40:213][  0]LogConfig: Setting CVar [[gc.SizeOfPermanentObjectPool:0]]
[2020.04.30-11.52.40:214][  0]LogConfig: Setting CVar [[gc.FlushStreamingOnGC:0]]
[2020.04.30-11.52.40:214][  0]LogConfig: Setting CVar [[gc.NumRetriesBeforeForcingGC:10]]
[2020.04.30-11.52.40:214][  0]LogConfig: Setting CVar [[gc.AllowParallelGC:1]]
[2020.04.30-11.52.40:214][  0]LogConfig: Setting CVar [[gc.TimeBetweenPurgingPendingKillObjects:61.1]]
[2020.04.30-11.52.40:214][  0]LogConfig: Setting CVar [[gc.MaxObjectsInEditor:25165824]]
[2020.04.30-11.52.40:214][  0]LogConfig: Setting CVar [[gc.IncrementalBeginDestroyEnabled:1]]
[2020.04.30-11.52.40:214][  0]LogConfig: Setting CVar [[gc.CreateGCClusters:1]]
[2020.04.30-11.52.40:214][  0]LogConfig: Setting CVar [[gc.MinGCClusterSize:5]]
[2020.04.30-11.52.40:214][  0]LogConfig: Setting CVar [[gc.ActorClusteringEnabled:0]]
[2020.04.30-11.52.40:214][  0]LogConfig: Setting CVar [[gc.BlueprintClusteringEnabled:0]]
[2020.04.30-11.52.40:214][  0]LogConfig: Setting CVar [[gc.UseDisregardForGCOnDedicatedServers:0]]
[2020.04.30-11.52.40:214][  0]LogConfig: Applying CVar settings from Section [/Script/Engine.NetworkSettings] File [C:/Users/Никита/Documents/Unreal Projects/Tropic_escape/Saved/Config/Windows/Engine.ini]
[2020.04.30-11.52.40:214][  0]LogConfig: Applying CVar settings from Section [/Script/UnrealEd.CookerSettings] File [C:/Users/Никита/Documents/Unreal Projects/Tropic_escape/Saved/Config/Windows/Engine.ini]
[2020.04.30-11.52.40:216][  0]LogConfig: Applying CVar settings from Section [ViewDistanceQuality@3] File [C:/Users/Никита/Documents/Unreal Projects/Tropic_escape/Saved/Config/Windows/Scalability.ini]
[2020.04.30-11.52.40:216][  0]LogConfig: Setting CVar [[r.SkeletalMeshLODBias:0]]
[2020.04.30-11.52.40:216][  0]LogConfig: Setting CVar [[r.ViewDistanceScale:1.0]]
[2020.04.30-11.52.40:216][  0]LogConfig: Applying CVar settings from Section [AntiAliasingQuality@3] File [C:/Users/Никита/Documents/Unreal Projects/Tropic_escape/Saved/Config/Windows/Scalability.ini]
[2020.04.30-11.52.40:216][  0]LogConfig: Setting CVar [[r.PostProcessAAQuality:4]]
[2020.04.30-11.52.40:216][  0]LogConfig: Applying CVar settings from Section [ShadowQuality@3] File [C:/Users/Никита/Documents/Unreal Projects/Tropic_escape/Saved/Config/Windows/Scalability.ini]
[2020.04.30-11.52.40:217][  0]LogConfig: Setting CVar [[r.LightFunctionQuality:1]]
[2020.04.30-11.52.40:217][  0]LogConfig: Setting CVar [[r.ShadowQuality:5]]
[2020.04.30-11.52.40:217][  0]LogConfig: Setting CVar [[r.Shadow.CSM.MaxCascades:10]]
[2020.04.30-11.52.40:217][  0]LogConfig: Setting CVar [[r.Shadow.MaxResolution:2048]]
[2020.04.30-11.52.40:217][  0]LogConfig: Setting CVar [[r.Shadow.MaxCSMResolution:2048]]
[2020.04.30-11.52.40:217][  0]LogConfig: Setting CVar [[r.Shadow.RadiusThreshold:0.01]]
[2020.04.30-11.52.40:217][  0]LogConfig: Setting CVar [[r.Shadow.DistanceScale:1.0]]
[2020.04.30-11.52.40:217][  0]LogConfig: Setting CVar [[r.Shadow.CSM.TransitionScale:1.0]]
[2020.04.30-11.52.40:217][  0]LogConfig: Setting CVar [[r.Shadow.PreShadowResolutionFactor:1.0]]
[2020.04.30-11.52.40:217][  0]LogConfig: Setting CVar [[r.DistanceFieldShadowing:1]]
[2020.04.30-11.52.40:217][  0]LogConfig: Setting CVar [[r.DistanceFieldAO:1]]
[2020.04.30-11.52.40:217][  0]LogConfig: Setting CVar [[r.AOQuality:2]]
[2020.04.30-11.52.40:217][  0]LogConfig: Setting CVar [[r.VolumetricFog:1]]
[2020.04.30-11.52.40:217][  0]LogConfig: Setting CVar [[r.VolumetricFog.GridPixelSize:8]]
[2020.04.30-11.52.40:217][  0]LogConfig: Setting CVar [[r.VolumetricFog.GridSizeZ:128]]
[2020.04.30-11.52.40:217][  0]LogConfig: Setting CVar [[r.VolumetricFog.HistoryMissSupersampleCount:4]]
[2020.04.30-11.52.40:217][  0]LogConfig: Setting CVar [[r.LightMaxDrawDistanceScale:1]]
[2020.04.30-11.52.40:217][  0]LogConfig: Setting CVar [[r.CapsuleShadows:1]]
[2020.04.30-11.52.40:217][  0]LogConfig: Applying CVar settings from Section [PostProcessQuality@3] File [C:/Users/Никита/Documents/Unreal Projects/Tropic_escape/Saved/Config/Windows/Scalability.ini]
[2020.04.30-11.52.40:217][  0]LogConfig: Setting CVar [[r.MotionBlurQuality:4]]
[2020.04.30-11.52.40:217][  0]LogConfig: Setting CVar [[r.AmbientOcclusionMipLevelFactor:0.4]]
[2020.04.30-11.52.40:217][  0]LogConfig: Setting CVar [[r.AmbientOcclusionMaxQuality:100]]
[2020.04.30-11.52.40:217][  0]LogConfig: Setting CVar [[r.AmbientOcclusionLevels:-1]]
[2020.04.30-11.52.40:217][  0]LogConfig: Setting CVar [[r.AmbientOcclusionRadiusScale:1.0]]
[2020.04.30-11.52.40:217][  0]LogConfig: Setting CVar [[r.DepthOfFieldQuality:2]]
[2020.04.30-11.52.40:217][  0]LogConfig: Setting CVar [[r.RenderTargetPoolMin:400]]
[2020.04.30-11.52.40:217][  0]LogConfig: Setting CVar [[r.LensFlareQuality:2]]
[2020.04.30-11.52.40:217][  0]LogConfig: Setting CVar [[r.SceneColorFringeQuality:1]]
[2020.04.30-11.52.40:217][  0]LogConfig: Setting CVar [[r.EyeAdaptationQuality:2]]
[2020.04.30-11.52.40:217][  0]LogConfig: Setting CVar [[r.BloomQuality:5]]
[2020.04.30-11.52.40:217][  0]LogConfig: Setting CVar [[r.FastBlurThreshold:100]]
[2020.04.30-11.52.40:217][  0]LogConfig: Setting CVar [[r.Upscale.Quality:3]]
[2020.04.30-11.52.40:217][  0]LogConfig: Setting CVar [[r.Tonemapper.GrainQuantization:1]]
[2020.04.30-11.52.40:217][  0]LogConfig: Setting CVar [[r.LightShaftQuality:1]]
[2020.04.30-11.52.40:217][  0]LogConfig: Setting CVar [[r.Filter.SizeScale:1]]
[2020.04.30-11.52.40:217][  0]LogConfig: Setting CVar [[r.Tonemapper.Quality:5]]
[2020.04.30-11.52.40:217][  0]LogConfig: Setting CVar [[r.DOF.Gather.AccumulatorQuality:1        ; higher gathering accumulator quality]]
[2020.04.30-11.52.40:217][  0]LogConfig: Setting CVar [[r.DOF.Gather.PostfilterMethod:1          ; Median3x3 postfilering method]]
[2020.04.30-11.52.40:217][  0]LogConfig: Setting CVar [[r.DOF.Gather.EnableBokehSettings:0       ; no bokeh simulation when gathering]]
[2020.04.30-11.52.40:217][  0]LogConfig: Setting CVar [[r.DOF.Gather.RingCount:4                 ; medium number of samples when gathering]]
[2020.04.30-11.52.40:217][  0]LogConfig: Setting CVar [[r.DOF.Scatter.ForegroundCompositing:1    ; additive foreground scattering]]
[2020.04.30-11.52.40:217][  0]LogConfig: Setting CVar [[r.DOF.Scatter.BackgroundCompositing:2    ; additive background scattering]]
[2020.04.30-11.52.40:217][  0]LogConfig: Setting CVar [[r.DOF.Scatter.EnableBokehSettings:1      ; bokeh simulation when scattering]]
[2020.04.30-11.52.40:217][  0]LogConfig: Setting CVar [[r.DOF.Scatter.MaxSpriteRatio:0.1         ; only a maximum of 10% of scattered bokeh]]
[2020.04.30-11.52.40:217][  0]LogConfig: Setting CVar [[r.DOF.Recombine.Quality:1                ; cheap slight out of focus]]
[2020.04.30-11.52.40:217][  0]LogConfig: Setting CVar [[r.DOF.Recombine.EnableBokehSettings:0    ; no bokeh simulation on slight out of focus]]
[2020.04.30-11.52.40:217][  0]LogConfig: Setting CVar [[r.DOF.TemporalAAQuality:1                ; more stable temporal accumulation]]
[2020.04.30-11.52.40:217][  0]LogConfig: Setting CVar [[r.DOF.Kernel.MaxForegroundRadius:0.025]]
[2020.04.30-11.52.40:217][  0]LogConfig: Setting CVar [[r.DOF.Kernel.MaxBackgroundRadius:0.025]]
[2020.04.30-11.52.40:217][  0]LogConfig: Applying CVar settings from Section [TextureQuality@3] File [C:/Users/Никита/Documents/Unreal Projects/Tropic_escape/Saved/Config/Windows/Scalability.ini]
[2020.04.30-11.52.40:217][  0]LogConfig: Setting CVar [[r.Streaming.MipBias:0]]
[2020.04.30-11.52.40:217][  0]LogConfig: Setting CVar [[r.Streaming.AmortizeCPUToGPUCopy:0]]
[2020.04.30-11.52.40:217][  0]LogConfig: Setting CVar [[r.Streaming.MaxNumTexturesToStreamPerFrame:0]]
[2020.04.30-11.52.40:217][  0]LogConfig: Setting CVar [[r.Streaming.Boost:1]]
[2020.04.30-11.52.40:217][  0]LogConfig: Setting CVar [[r.MaxAnisotropy:8]]
[2020.04.30-11.52.40:217][  0]LogConfig: Setting CVar [[r.VT.MaxAnisotropy:8]]
[2020.04.30-11.52.40:217][  0]LogConfig: Setting CVar [[r.Streaming.LimitPoolSizeToVRAM:0]]
[2020.04.30-11.52.40:217][  0]LogConfig: Setting CVar [[r.Streaming.PoolSize:1000]]
[2020.04.30-11.52.40:217][  0]LogConfig: Setting CVar [[r.Streaming.MaxEffectiveScreenSize:0]]
[2020.04.30-11.52.40:217][  0]LogConfig: Applying CVar settings from Section [EffectsQuality@3] File [C:/Users/Никита/Documents/Unreal Projects/Tropic_escape/Saved/Config/Windows/Scalability.ini]
[2020.04.30-11.52.40:217][  0]LogConfig: Setting CVar [[r.TranslucencyLightingVolumeDim:64]]
[2020.04.30-11.52.40:217][  0]LogConfig: Setting CVar [[r.RefractionQuality:2]]
[2020.04.30-11.52.40:217][  0]LogConfig: Setting CVar [[r.SSR.Quality:3]]
[2020.04.30-11.52.40:217][  0]LogConfig: Setting CVar [[r.SSR.HalfResSceneColor:0]]
[2020.04.30-11.52.40:217][  0]LogConfig: Setting CVar [[r.SceneColorFormat:4]]
[2020.04.30-11.52.40:217][  0]LogConfig: Setting CVar [[r.DetailMode:2]]
[2020.04.30-11.52.40:217][  0]LogConfig: Setting CVar [[r.TranslucencyVolumeBlur:1]]
[2020.04.30-11.52.40:217][  0]LogConfig: Setting CVar [[r.MaterialQualityLevel:1 ; High quality]]
[2020.04.30-11.52.40:218][  0]LogConfig: Setting CVar [[r.SSS.Scale:1]]
[2020.04.30-11.52.40:218][  0]LogConfig: Setting CVar [[r.SSS.SampleSet:2]]
[2020.04.30-11.52.40:218][  0]LogConfig: Setting CVar [[r.SSS.Quality:1]]
[2020.04.30-11.52.40:218][  0]LogConfig: Setting CVar [[r.SSS.HalfRes:1]]
[2020.04.30-11.52.40:218][  0]LogConfig: Setting CVar [[r.SSGI.Quality:3]]
[2020.04.30-11.52.40:218][  0]LogConfig: Setting CVar [[r.EmitterSpawnRateScale:1.0]]
[2020.04.30-11.52.40:218][  0]LogConfig: Setting CVar [[r.ParticleLightQuality:2]]
[2020.04.30-11.52.40:218][  0]LogConfig: Setting CVar [[r.SkyAtmosphere.AerialPerspectiveLUT.FastApplyOnOpaque:1 ; Always have FastSkyLUT 1 in this case to avoid wrong sky]]
[2020.04.30-11.52.40:218][  0]LogConfig: Setting CVar [[r.SkyAtmosphere.AerialPerspectiveLUT.SampleCountPerSlice:1]]
[2020.04.30-11.52.40:218][  0]LogConfig: Setting CVar [[r.SkyAtmosphere.AerialPerspectiveLUT.DepthResolution:16.0]]
[2020.04.30-11.52.40:218][  0]LogConfig: Setting CVar [[r.SkyAtmosphere.FastSkyLUT:1]]
[2020.04.30-11.52.40:218][  0]LogConfig: Setting CVar [[r.SkyAtmosphere.FastSkyLUT.SampleCountMin:4.0]]
[2020.04.30-11.52.40:218][  0]LogConfig: Setting CVar [[r.SkyAtmosphere.FastSkyLUT.SampleCountMax:32.0]]
[2020.04.30-11.52.40:218][  0]LogConfig: Setting CVar [[r.SkyAtmosphere.SampleCountMin:4.0]]
[2020.04.30-11.52.40:218][  0]LogConfig: Setting CVar [[r.SkyAtmosphere.SampleCountMax:32.0]]
[2020.04.30-11.52.40:218][  0]LogConfig: Setting CVar [[r.SkyAtmosphere.TransmittanceLUT.UseSmallFormat:0]]
[2020.04.30-11.52.40:218][  0]LogConfig: Setting CVar [[r.SkyAtmosphere.TransmittanceLUT.SampleCount:10.0]]
[2020.04.30-11.52.40:218][  0]LogConfig: Setting CVar [[r.SkyAtmosphere.MultiScatteringLUT.SampleCount:15.0]]
[2020.04.30-11.52.40:218][  0]LogConfig: Applying CVar settings from Section [FoliageQuality@3] File [C:/Users/Никита/Documents/Unreal Projects/Tropic_escape/Saved/Config/Windows/Scalability.ini]
[2020.04.30-11.52.40:218][  0]LogConfig: Setting CVar [[foliage.DensityScale:1.0]]
[2020.04.30-11.52.40:218][  0]LogConfig: Setting CVar [[grass.DensityScale:1.0]]
[2020.04.30-11.52.40:218][  0]LogConfig: Applying CVar settings from Section [ShadingQuality@3] File [C:/Users/Никита/Documents/Unreal Projects/Tropic_escape/Saved/Config/Windows/Scalability.ini]
[2020.04.30-11.52.40:218][  0]LogConfig: Setting CVar [[r.HairStrands.SkyLighting.SampleCount:16]]
[2020.04.30-11.52.40:218][  0]LogConfig: Setting CVar [[r.HairStrands.SkyLighting.JitterIntegration:0]]
[2020.04.30-11.52.40:218][  0]LogConfig: Setting CVar [[r.HairStrands.SkyAO.SampleCount:16]]
[2020.04.30-11.52.40:218][  0]LogInit: Selected Device Profile: [Windows]
[2020.04.30-11.52.40:218][  0]LogInit: Applying CVar settings loaded from the selected device profile: [Windows]
[2020.04.30-11.52.40:221][  0]LogHAL: Display: Platform has ~ 8 GB [8501673984 / 8589934592 / 8], which maps to Default [LargestMinGB=32, LargerMinGB=12, DefaultMinGB=8, SmallerMinGB=6, SmallestMinGB=0)
[2020.04.30-11.52.40:221][  0]LogInit: Going up to parent DeviceProfile []
[2020.04.30-11.52.40:221][  0]LogConfig: Applying CVar settings from Section [ViewDistanceQuality@Cine] File [C:/Users/Никита/Documents/Unreal Projects/Tropic_escape/Saved/Config/Windows/Scalability.ini]
[2020.04.30-11.52.40:221][  0]LogConfig: Setting CVar [[r.SkeletalMeshLODBias:0]]
[2020.04.30-11.52.40:221][  0]LogConfig: Setting CVar [[r.ViewDistanceScale:10.0]]
[2020.04.30-11.52.40:221][  0]LogConfig: Applying CVar settings from Section [AntiAliasingQuality@0] File [C:/Users/Никита/Documents/Unreal Projects/Tropic_escape/Saved/Config/Windows/Scalability.ini]
[2020.04.30-11.52.40:221][  0]LogConfig: Setting CVar [[r.PostProcessAAQuality:0]]
[2020.04.30-11.52.40:222][  0]LogConfig: Applying CVar settings from Section [ShadowQuality@0] File [C:/Users/Никита/Documents/Unreal Projects/Tropic_escape/Saved/Config/Windows/Scalability.ini]
[2020.04.30-11.52.40:222][  0]LogConfig: Setting CVar [[r.LightFunctionQuality:0]]
[2020.04.30-11.52.40:222][  0]LogConfig: Setting CVar [[r.ShadowQuality:0]]
[2020.04.30-11.52.40:222][  0]LogConfig: Setting CVar [[r.Shadow.CSM.MaxCascades:1]]
[2020.04.30-11.52.40:222][  0]LogConfig: Setting CVar [[r.Shadow.MaxResolution:512]]
[2020.04.30-11.52.40:222][  0]LogConfig: Setting CVar [[r.Shadow.MaxCSMResolution:512]]
[2020.04.30-11.52.40:222][  0]LogConfig: Setting CVar [[r.Shadow.RadiusThreshold:0.06]]
[2020.04.30-11.52.40:222][  0]LogConfig: Setting CVar [[r.Shadow.DistanceScale:0.6]]
[2020.04.30-11.52.40:222][  0]LogConfig: Setting CVar [[r.Shadow.CSM.TransitionScale:0]]
[2020.04.30-11.52.40:222][  0]LogConfig: Setting CVar [[r.Shadow.PreShadowResolutionFactor:0.5]]
[2020.04.30-11.52.40:222][  0]LogConfig: Setting CVar [[r.DistanceFieldShadowing:0]]
[2020.04.30-11.52.40:222][  0]LogConfig: Setting CVar [[r.DistanceFieldAO:0]]
[2020.04.30-11.52.40:222][  0]LogConfig: Setting CVar [[r.VolumetricFog:0]]
[2020.04.30-11.52.40:222][  0]LogConfig: Setting CVar [[r.LightMaxDrawDistanceScale:0]]
[2020.04.30-11.52.40:222][  0]LogConfig: Setting CVar [[r.CapsuleShadows:0]]
[2020.04.30-11.52.40:222][  0]LogConfig: Applying CVar settings from Section [PostProcessQuality@0] File [C:/Users/Никита/Documents/Unreal Projects/Tropic_escape/Saved/Config/Windows/Scalability.ini]
[2020.04.30-11.52.40:222][  0]LogConfig: Setting CVar [[r.MotionBlurQuality:0]]
[2020.04.30-11.52.40:222][  0]LogConfig: Setting CVar [[r.AmbientOcclusionMipLevelFactor:1.0]]
[2020.04.30-11.52.40:222][  0]LogConfig: Setting CVar [[r.AmbientOcclusionMaxQuality:0]]
[2020.04.30-11.52.40:222][  0]LogConfig: Setting CVar [[r.AmbientOcclusionLevels:0]]
[2020.04.30-11.52.40:222][  0]LogConfig: Setting CVar [[r.AmbientOcclusionRadiusScale:1.2]]
[2020.04.30-11.52.40:222][  0]LogConfig: Setting CVar [[r.DepthOfFieldQuality:0]]
[2020.04.30-11.52.40:222][  0]LogConfig: Setting CVar [[r.RenderTargetPoolMin:300]]
[2020.04.30-11.52.40:222][  0]LogConfig: Setting CVar [[r.LensFlareQuality:0]]
[2020.04.30-11.52.40:222][  0]LogConfig: Setting CVar [[r.SceneColorFringeQuality:0]]
[2020.04.30-11.52.40:222][  0]LogConfig: Setting CVar [[r.EyeAdaptationQuality:0]]
[2020.04.30-11.52.40:222][  0]LogConfig: Setting CVar [[r.BloomQuality:4]]
[2020.04.30-11.52.40:222][  0]LogConfig: Setting CVar [[r.FastBlurThreshold:0]]
[2020.04.30-11.52.40:222][  0]LogConfig: Setting CVar [[r.Upscale.Quality:1]]
[2020.04.30-11.52.40:222][  0]LogConfig: Setting CVar [[r.Tonemapper.GrainQuantization:0]]
[2020.04.30-11.52.40:222][  0]LogConfig: Setting CVar [[r.LightShaftQuality:0]]
[2020.04.30-11.52.40:222][  0]LogConfig: Setting CVar [[r.Filter.SizeScale:0.6]]
[2020.04.30-11.52.40:222][  0]LogConfig: Setting CVar [[r.Tonemapper.Quality:0]]
[2020.04.30-11.52.40:222][  0]LogConfig: Applying CVar settings from Section [TextureQuality@Cine] File [C:/Users/Никита/Documents/Unreal Projects/Tropic_escape/Saved/Config/Windows/Scalability.ini]
[2020.04.30-11.52.40:222][  0]LogConfig: Setting CVar [[r.Streaming.MipBias:0]]
[2020.04.30-11.52.40:223][  0]LogConfig: Setting CVar [[r.Streaming.AmortizeCPUToGPUCopy:0]]
[2020.04.30-11.52.40:223][  0]LogConfig: Setting CVar [[r.Streaming.MaxNumTexturesToStreamPerFrame:0]]
[2020.04.30-11.52.40:223][  0]LogConfig: Setting CVar [[r.Streaming.Boost:1]]
[2020.04.30-11.52.40:223][  0]LogConfig: Setting CVar [[r.MaxAnisotropy:8]]
[2020.04.30-11.52.40:223][  0]LogConfig: Setting CVar [[r.VT.MaxAnisotropy:8]]
[2020.04.30-11.52.40:223][  0]LogConfig: Setting CVar [[r.Streaming.LimitPoolSizeToVRAM:0]]
[2020.04.30-11.52.40:223][  0]LogConfig: Setting CVar [[r.Streaming.PoolSize:3000]]
[2020.04.30-11.52.40:223][  0]LogConfig: Setting CVar [[r.Streaming.MaxEffectiveScreenSize:0]]
[2020.04.30-11.52.40:223][  0]LogConfig: Applying CVar settings from Section [EffectsQuality@2] File [C:/Users/Никита/Documents/Unreal Projects/Tropic_escape/Saved/Config/Windows/Scalability.ini]
[2020.04.30-11.52.40:223][  0]LogConfig: Setting CVar [[r.TranslucencyLightingVolumeDim:48]]
[2020.04.30-11.52.40:223][  0]LogConfig: Setting CVar [[r.RefractionQuality:2]]
[2020.04.30-11.52.40:223][  0]LogConfig: Setting CVar [[r.SSR.Quality:2]]
[2020.04.30-11.52.40:223][  0]LogConfig: Setting CVar [[r.SSR.HalfResSceneColor:1]]
[2020.04.30-11.52.40:223][  0]LogConfig: Setting CVar [[r.SceneColorFormat:3]]
[2020.04.30-11.52.40:223][  0]LogConfig: Setting CVar [[r.DetailMode:1]]
[2020.04.30-11.52.40:223][  0]LogConfig: Setting CVar [[r.TranslucencyVolumeBlur:1]]
[2020.04.30-11.52.40:223][  0]LogConfig: Setting CVar [[r.MaterialQualityLevel:1 ; High quality]]
[2020.04.30-11.52.40:223][  0]LogConfig: Setting CVar [[r.SSS.Scale:1]]
[2020.04.30-11.52.40:223][  0]LogConfig: Setting CVar [[r.SSS.SampleSet:1]]
[2020.04.30-11.52.40:223][  0]LogConfig: Setting CVar [[r.SSS.Quality:-1]]
[2020.04.30-11.52.40:223][  0]LogConfig: Setting CVar [[r.SSS.HalfRes:1]]
[2020.04.30-11.52.40:223][  0]LogConfig: Setting CVar [[r.SSGI.Quality:2]]
[2020.04.30-11.52.40:223][  0]LogConfig: Setting CVar [[r.EmitterSpawnRateScale:0.5]]
[2020.04.30-11.52.40:223][  0]LogConfig: Setting CVar [[r.ParticleLightQuality:1]]
[2020.04.30-11.52.40:223][  0]LogConfig: Setting CVar [[r.SkyAtmosphere.AerialPerspectiveLUT.FastApplyOnOpaque:1 ; Always have FastSkyLUT 1 in this case to avoid wrong sky]]
[2020.04.30-11.52.40:223][  0]LogConfig: Setting CVar [[r.SkyAtmosphere.AerialPerspectiveLUT.SampleCountPerSlice:1]]
[2020.04.30-11.52.40:223][  0]LogConfig: Setting CVar [[r.SkyAtmosphere.AerialPerspectiveLUT.DepthResolution:16.0]]
[2020.04.30-11.52.40:223][  0]LogConfig: Setting CVar [[r.SkyAtmosphere.FastSkyLUT:1]]
[2020.04.30-11.52.40:223][  0]LogConfig: Setting CVar [[r.SkyAtmosphere.FastSkyLUT.SampleCountMin:4.0]]
[2020.04.30-11.52.40:223][  0]LogConfig: Setting CVar [[r.SkyAtmosphere.FastSkyLUT.SampleCountMax:32.0]]
[2020.04.30-11.52.40:223][  0]LogConfig: Setting CVar [[r.SkyAtmosphere.SampleCountMin:4.0]]
[2020.04.30-11.52.40:223][  0]LogConfig: Setting CVar [[r.SkyAtmosphere.SampleCountMax:32.0]]
[2020.04.30-11.52.40:223][  0]LogConfig: Setting CVar [[r.SkyAtmosphere.TransmittanceLUT.UseSmallFormat:0]]
[2020.04.30-11.52.40:223][  0]LogConfig: Setting CVar [[r.SkyAtmosphere.TransmittanceLUT.SampleCount:10.0]]
[2020.04.30-11.52.40:223][  0]LogConfig: Setting CVar [[r.SkyAtmosphere.MultiScatteringLUT.SampleCount:15.0]]
[2020.04.30-11.52.40:223][  0]LogConfig: Applying CVar settings from Section [FoliageQuality@0] File [C:/Users/Никита/Documents/Unreal Projects/Tropic_escape/Saved/Config/Windows/Scalability.ini]
[2020.04.30-11.52.40:223][  0]LogConfig: Setting CVar [[foliage.DensityScale:0]]
[2020.04.30-11.52.40:223][  0]LogConfig: Setting CVar [[grass.DensityScale:0]]
[2020.04.30-11.52.40:223][  0]LogConfig: Applying CVar settings from Section [ShadingQuality@0] File [C:/Users/Никита/Documents/Unreal Projects/Tropic_escape/Saved/Config/Windows/Scalability.ini]
[2020.04.30-11.52.40:223][  0]LogConfig: Setting CVar [[r.HairStrands.SkyLighting.SampleCount:8]]
[2020.04.30-11.52.40:223][  0]LogConfig: Setting CVar [[r.HairStrands.SkyLighting.JitterIntegration:0]]
[2020.04.30-11.52.40:223][  0]LogConfig: Setting CVar [[r.HairStrands.SkyAO.SampleCount:8]]
[2020.04.30-11.52.40:223][  0]LogConfig: Applying CVar settings from Section [Startup] File [../../../Engine/Config/ConsoleVariables.ini]
[2020.04.30-11.52.40:223][  0]LogConfig: Setting CVar [[net.UseAdaptiveNetUpdateFrequency:0]]
[2020.04.30-11.52.40:223][  0]LogConfig: Setting CVar [[p.chaos.AllowCreatePhysxBodies:1]]
[2020.04.30-11.52.40:223][  0]LogConfig: Applying CVar settings from Section [ConsoleVariables] File [C:/Users/Никита/Documents/Unreal Projects/Tropic_escape/Saved/Config/Windows/Engine.ini]
[2020.04.30-11.52.40:224][  0]LogInit: Computer: NIKITA
[2020.04.30-11.52.40:224][  0]LogInit: User: Никита
[2020.04.30-11.52.40:224][  0]LogInit: CPU Page size=4096, Cores=2
[2020.04.30-11.52.40:224][  0]LogInit: High frequency timer resolution =10.000000 MHz
[2020.04.30-11.52.40:224][  0]LogMemory: Memory total: Physical=7.9GB (8GB approx)
[2020.04.30-11.52.40:224][  0]LogMemory: Platform Memory Stats for Windows
[2020.04.30-11.52.40:224][  0]LogMemory: Process Physical Memory: 104.24 MB used, 104.24 MB peak
[2020.04.30-11.52.40:224][  0]LogMemory: Process Virtual Memory: 100.22 MB used, 100.22 MB peak
[2020.04.30-11.52.40:224][  0]LogMemory: Physical Memory: 5147.13 MB used,  2960.70 MB free, 8107.83 MB total
[2020.04.30-11.52.40:224][  0]LogMemory: Virtual Memory: 5121.57 MB used,  134212608.00 MB free, 134217728.00 MB total
[2020.04.30-11.52.40:229][  0]LogWindows: WindowsPlatformFeatures enabled
[2020.04.30-11.52.40:245][  0]LogInit: Using OS detected language (ru-RU).
[2020.04.30-11.52.40:246][  0]LogInit: Using OS detected locale (ru-RU).
[2020.04.30-11.52.40:246][  0]LogTextLocalizationManager: No specific localization for 'ru-RU' exists, so the 'ru' localization will be used.
[2020.04.30-11.52.40:247][  0]LogTextLocalizationResource: LocRes '../../../Engine/Content/Localization/Editor/ru/Editor.locres' could not be opened for reading!
[2020.04.30-11.52.40:247][  0]LogTextLocalizationResource: LocRes '../../../Engine/Content/Localization/EditorTutorials/ru/EditorTutorials.locres' could not be opened for reading!
[2020.04.30-11.52.40:247][  0]LogTextLocalizationResource: LocRes '../../../Engine/Content/Localization/Keywords/ru/Keywords.locres' could not be opened for reading!
[2020.04.30-11.52.40:247][  0]LogTextLocalizationResource: LocRes '../../../Engine/Content/Localization/Category/ru/Category.locres' could not be opened for reading!
[2020.04.30-11.52.40:247][  0]LogTextLocalizationResource: LocRes '../../../Engine/Content/Localization/ToolTips/ru/ToolTips.locres' could not be opened for reading!
[2020.04.30-11.52.40:247][  0]LogTextLocalizationResource: LocRes '../../../Engine/Content/Localization/PropertyNames/ru/PropertyNames.locres' could not be opened for reading!
[2020.04.30-11.52.40:248][  0]LogTextLocalizationResource: LocRes '../../../Engine/Content/Localization/Engine/ru/Engine.locres' could not be opened for reading!
[2020.04.30-11.52.40:249][  0]LogInit: Setting process to per monitor DPI aware
[2020.04.30-11.52.40:285][  0]LogSlate: New Slate User Created.  User Index 0, Is Virtual User: 0
[2020.04.30-11.52.40:285][  0]LogSlate: Slate User Registered.  User Index 0, Is Virtual User: 0
[2020.04.30-11.52.40:489][  0]LogHMD: Failed to initialize OpenVR with code 110
[2020.04.30-11.52.40:489][  0]LogD3D11RHI: D3D11 min allowed feature level: 11_0
[2020.04.30-11.52.40:489][  0]LogD3D11RHI: D3D11 max allowed feature level: 11_0
[2020.04.30-11.52.40:489][  0]LogD3D11RHI: D3D11 adapters:
[2020.04.30-11.52.40:523][  0]LogD3D11RHI:    0. 'Intel(R) HD Graphics 620' (Feature Level 11_0)
[2020.04.30-11.52.40:523][  0]LogD3D11RHI:       128/0/4053 MB DedicatedVideo/DedicatedSystem/SharedSystem, Outputs:1, VendorId:0x8086
[2020.04.30-11.52.40:526][  0]LogD3D11RHI:    1. 'Microsoft Basic Render Driver' (Feature Level 11_0)
[2020.04.30-11.52.40:526][  0]LogD3D11RHI:       0/0/4053 MB DedicatedVideo/DedicatedSystem/SharedSystem, Outputs:0, VendorId:0x1414
[2020.04.30-11.52.40:526][  0]LogD3D11RHI: Chosen D3D11 Adapter: 0
[2020.04.30-11.52.40:532][  0]LogD3D11RHI: Creating new Direct3DDevice
[2020.04.30-11.52.40:532][  0]LogD3D11RHI:     GPU DeviceId: 0x5916 (for the marketing name, search the web for "GPU Device Id")
[2020.04.30-11.52.40:532][  0]LogWindows: EnumDisplayDevices:
[2020.04.30-11.52.40:532][  0]LogWindows:    0. 'Intel(R) HD Graphics 620' (P:1 D:1)
[2020.04.30-11.52.40:533][  0]LogWindows:    1. 'Intel(R) HD Graphics 620' (P:0 D:0)
[2020.04.30-11.52.40:535][  0]LogWindows:    2. 'Intel(R) HD Graphics 620' (P:0 D:0)
[2020.04.30-11.52.40:535][  0]LogWindows: DebugString: FoundDriverCount:3 
[2020.04.30-11.52.40:535][  0]LogD3D11RHI:     Adapter Name: Intel(R) HD Graphics 620
[2020.04.30-11.52.40:535][  0]LogD3D11RHI:   Driver Version: 25.20.100.6518 (internal:25.20.100.6518, unified:25.20.100.6518)
[2020.04.30-11.52.40:535][  0]LogD3D11RHI:      Driver Date: 1-9-2019
[2020.04.30-11.52.40:535][  0]LogRHI: Texture pool is 1508 MB (70% of 2154 MB)
[2020.04.30-11.52.40:573][  0]LogD3D11RHI: RHI does not have support for 64 bit atomics
[2020.04.30-11.52.40:573][  0]LogD3D11RHI: [IntelMetricsDiscovery] Started
[2020.04.30-11.52.40:573][  0]LogD3D11RHI: Async texture creation enabled
[2020.04.30-11.52.40:580][  0]LogD3D11RHI: GPU Timing Frequency: 12.000048 (Debug: 2 0)
[2020.04.30-11.52.41:109][  0]LogTargetPlatformManager: Display: Loaded TargetPlatform 'AllDesktop'
[2020.04.30-11.52.41:167][  0]LogTargetPlatformManager: Display: Loaded TargetPlatform 'Android'
[2020.04.30-11.52.41:167][  0]LogTargetPlatformManager: Display: Loaded TargetPlatform 'Android_ASTC'
[2020.04.30-11.52.41:167][  0]LogTargetPlatformManager: Display: Loaded TargetPlatform 'Android_ATC'
[2020.04.30-11.52.41:167][  0]LogTargetPlatformManager: Display: Loaded TargetPlatform 'Android_DXT'
[2020.04.30-11.52.41:167][  0]LogTargetPlatformManager: Display: Loaded TargetPlatform 'Android_ETC1'
[2020.04.30-11.52.41:167][  0]LogTargetPlatformManager: Display: Loaded TargetPlatform 'Android_ETC1a'
[2020.04.30-11.52.41:167][  0]LogTargetPlatformManager: Display: Loaded TargetPlatform 'Android_ETC2'
[2020.04.30-11.52.41:167][  0]LogTargetPlatformManager: Display: Loaded TargetPlatform 'Android_PVRTC'
[2020.04.30-11.52.41:167][  0]LogTargetPlatformManager: Display: Loaded TargetPlatform 'AndroidClient'
[2020.04.30-11.52.41:167][  0]LogTargetPlatformManager: Display: Loaded TargetPlatform 'Android_ASTCClient'
[2020.04.30-11.52.41:168][  0]LogTargetPlatformManager: Display: Loaded TargetPlatform 'Android_ATCClient'
[2020.04.30-11.52.41:168][  0]LogTargetPlatformManager: Display: Loaded TargetPlatform 'Android_DXTClient'
[2020.04.30-11.52.41:168][  0]LogTargetPlatformManager: Display: Loaded TargetPlatform 'Android_ETC1Client'
[2020.04.30-11.52.41:168][  0]LogTargetPlatformManager: Display: Loaded TargetPlatform 'Android_ETC1aClient'
[2020.04.30-11.52.41:168][  0]LogTargetPlatformManager: Display: Loaded TargetPlatform 'Android_ETC2Client'
[2020.04.30-11.52.41:168][  0]LogTargetPlatformManager: Display: Loaded TargetPlatform 'Android_PVRTCClient'
[2020.04.30-11.52.41:168][  0]LogTargetPlatformManager: Display: Loaded TargetPlatform 'Android_Multi'
[2020.04.30-11.52.41:168][  0]LogTargetPlatformManager: Display: Loaded TargetPlatform 'Android_MultiClient'
[2020.04.30-11.52.41:196][  0]LogTargetPlatformManager: Display: Loaded TargetPlatform 'IOSClient'
[2020.04.30-11.52.41:196][  0]LogTargetPlatformManager: Display: Loaded TargetPlatform 'IOS'
[2020.04.30-11.52.41:207][  0]LogTargetPlatformManager: Display: Loaded TargetPlatform 'LinuxNoEditor'
[2020.04.30-11.52.41:219][  0]LogTargetPlatformManager: Display: Loaded TargetPlatform 'LinuxClient'
[2020.04.30-11.52.41:231][  0]LogTargetPlatformManager: Display: Loaded TargetPlatform 'LinuxServer'
[2020.04.30-11.52.41:244][  0]LogTargetPlatformManager: Display: Loaded TargetPlatform 'LinuxAArch64NoEditor'
[2020.04.30-11.52.41:256][  0]LogTargetPlatformManager: Display: Loaded TargetPlatform 'LinuxAArch64Client'
[2020.04.30-11.52.41:268][  0]LogTargetPlatformManager: Display: Loaded TargetPlatform 'LinuxAArch64Server'
[2020.04.30-11.52.41:314][  0]LogTargetPlatformManager: Display: Loaded TargetPlatform 'Lumin'
[2020.04.30-11.52.41:314][  0]LogTargetPlatformManager: Display: Loaded TargetPlatform 'LuminClient'
[2020.04.30-11.52.41:343][  0]LogTargetPlatformManager: Display: Loaded TargetPlatform 'TVOSClient'
[2020.04.30-11.52.41:343][  0]LogTargetPlatformManager: Display: Loaded TargetPlatform 'TVOS'
[2020.04.30-11.52.41:357][  0]LogTargetPlatformManager: Display: Loaded TargetPlatform 'WindowsNoEditor'
[2020.04.30-11.52.41:372][  0]LogTargetPlatformManager: Display: Loaded TargetPlatform 'Windows'
[2020.04.30-11.52.41:384][  0]LogTargetPlatformManager: Display: Loaded TargetPlatform 'WindowsClient'
[2020.04.30-11.52.41:398][  0]LogTargetPlatformManager: Display: Loaded TargetPlatform 'WindowsServer'
[2020.04.30-11.52.41:398][  0]LogTargetPlatformManager: Display: Building Assets For Windows
[2020.04.30-11.52.41:402][  0]LogAudioDebug: Display: Lib vorbis DLL was dynamically loaded.
[2020.04.30-11.52.41:439][  0]LogShaderCompilers: Guid format shader working directory is -24 characters bigger than the processId version (../../../../../../Users/Никита/Documents/Unreal Projects/Tropic_escape/Intermediate/Shaders/WorkingDirectory/12924/).
[2020.04.30-11.52.41:439][  0]LogShaderCompilers: Cleaned the shader compiler working directory 'C:/Users/Никита/AppData/Local/Temp/UnrealShaderWorkingDir/FCD2B88443FA2C023E75DD917EB5D988/'.
[2020.04.30-11.52.41:440][  0]LogXGEController: Cannot use XGE Controller as Incredibuild is not installed on this machine.
[2020.04.30-11.52.41:440][  0]LogShaderCompilers: Cannot use XGE Shader Compiler as Incredibuild is not installed on this machine.
[2020.04.30-11.52.41:440][  0]LogShaderCompilers: Display: Using Local Shader Compiler.
[2020.04.30-11.52.42:431][  0]LogDerivedDataCache: Display: Max Cache Size: 512 MB
[2020.04.30-11.52.42:503][  0]LogDerivedDataCache: Loaded boot cache 0.07s 78MB C:/Users/Никита/AppData/Local/UnrealEngine/4.24/DerivedDataCache/Boot.ddc.
[2020.04.30-11.52.42:503][  0]LogDerivedDataCache: Display: Loaded Boot cache: C:/Users/Никита/AppData/Local/UnrealEngine/4.24/DerivedDataCache/Boot.ddc
[2020.04.30-11.52.42:504][  0]LogDerivedDataCache: FDerivedDataBackendGraph:  Pak pak cache file ../../../../../../Users/Никита/Documents/Unreal Projects/Tropic_escape/DerivedDataCache/DDC.ddp not found, will not use a pak cache.
[2020.04.30-11.52.42:504][  0]LogDerivedDataCache: Unable to find inner node Pak for hierarchical cache Hierarchy.
[2020.04.30-11.52.42:504][  0]LogDerivedDataCache: FDerivedDataBackendGraph:  CompressedPak pak cache file ../../../../../../Users/Никита/Documents/Unreal Projects/Tropic_escape/DerivedDataCache/Compressed.ddp not found, will not use a pak cache.
[2020.04.30-11.52.42:504][  0]LogDerivedDataCache: Unable to find inner node CompressedPak for hierarchical cache Hierarchy.
[2020.04.30-11.52.42:517][  0]LogDerivedDataCache: Display: Pak cache opened for reading ../../../Engine/DerivedDataCache/Compressed.ddp.
[2020.04.30-11.52.42:517][  0]LogDerivedDataCache: FDerivedDataBackendGraph:  EnterprisePak pak cache file ../../../Enterprise/DerivedDataCache/Compressed.ddp not found, will not use a pak cache.
[2020.04.30-11.52.42:517][  0]LogDerivedDataCache: Unable to find inner node EnterprisePak for hierarchical cache Hierarchy.
[2020.04.30-11.52.42:518][  0]LogDerivedDataCache: Using Local data cache path C:/Users/Никита/AppData/Local/UnrealEngine/Common/DerivedDataCache: Writable
[2020.04.30-11.52.42:518][  0]LogDerivedDataCache: Shared data cache path not found in *engine.ini, will not use an Shared cache.
[2020.04.30-11.52.42:518][  0]LogDerivedDataCache: Unable to find inner node Shared for hierarchical cache Hierarchy.
[2020.04.30-11.52.42:553][  0]LogMaterial: Verifying Global Shaders for PCD3D_SM5
[2020.04.30-11.52.42:556][  0]LogSlate: Using FreeType 2.10.0
[2020.04.30-11.52.42:556][  0]LogSlate: SlateFontServices - WITH_FREETYPE: 1, WITH_HARFBUZZ: 1
[2020.04.30-11.52.42:621][  0]LogAssetRegistry: FAssetRegistry took 0.0029 seconds to start up
[2020.04.30-11.52.43:019][  0]LogInit: Selected Device Profile: [Windows]
[2020.04.30-11.52.43:214][  0]LogMeshReduction: Using QuadricMeshReduction for automatic static mesh reduction
[2020.04.30-11.52.43:214][  0]LogMeshReduction: Using SimplygonMeshReduction for automatic skeletal mesh reduction
[2020.04.30-11.52.43:214][  0]LogMeshReduction: Using ProxyLODMeshReduction for automatic mesh merging
[2020.04.30-11.52.43:214][  0]LogMeshReduction: No distributed automatic mesh merging module available
[2020.04.30-11.52.43:214][  0]LogMeshMerging: No distributed automatic mesh merging module available
[2020.04.30-11.52.43:228][  0]LogNetVersion: Tropic_escape 1.0.0, NetCL: 10570792, EngineNetVer: 13, GameNetVer: 0 (Checksum: 880283756)
[2020.04.30-11.52.44:355][  0]LogPackageLocalizationCache: Processed 13 localized package path(s) for 1 prioritized culture(s) in 0.059975 seconds
[2020.04.30-11.52.44:362][  0]LogUObjectArray: 46750 objects as part of root set at end of initial load.
[2020.04.30-11.52.44:362][  0]LogUObjectAllocator: 8137160 out of 0 bytes used by permanent object pool.
[2020.04.30-11.52.44:362][  0]LogUObjectArray: CloseDisregardForGC: 0/0 objects in disregard for GC pool
[2020.04.30-11.52.44:720][  0]LogPython: Using Python 2.7.14
[2020.04.30-11.52.45:411][  0]LogTcpMessaging: Initializing TcpMessaging bridge
[2020.04.30-11.52.45:414][  0]LogUdpMessaging: Initializing bridge on interface 0.0.0.0:0 to multicast group 230.0.0.1:6666.
[2020.04.30-11.52.45:479][  0]SourceControl: Source control is disabled
[2020.04.30-11.52.45:479][  0]SourceControl: Source control is disabled
[2020.04.30-11.52.45:480][  0]SourceControl: Source control is disabled
[2020.04.30-11.52.45:480][  0]SourceControl: Source control is disabled
[2020.04.30-11.52.45:481][  0]SourceControl: Source control is disabled
[2020.04.30-11.52.45:590][  0]LogAndroidPermission: UAndroidPermissionCallbackProxy::GetInstance
[2020.04.30-11.52.45:614][  0]LogAudioCaptureCore: Display: No Audio Capture implementations found. Audio input will be silent.
[2020.04.30-11.52.45:614][  0]LogAudioCaptureCore: Display: No Audio Capture implementations found. Audio input will be silent.
[2020.04.30-11.52.45:714][  0]LogOcInput: OculusInput pre-init called
[2020.04.30-11.52.45:721][  0]LogWindows: Failed to load 'OVRPlugin.dll' (GetLastError=126)
[2020.04.30-11.52.45:721][  0]LogWindows: File 'OVRPlugin.dll' does not exist
[2020.04.30-11.52.46:787][  0]LogEngine: Initializing Engine...
[2020.04.30-11.52.46:788][  0]LogHMD: Failed to initialize OpenVR with code 110
[2020.04.30-11.52.46:789][  0]LogStats: UGameplayTagsManager::InitializeManager -  0.000 s
[2020.04.30-11.52.47:132][  0]LogInit: Initializing FReadOnlyCVARCache
[2020.04.30-11.52.47:152][  0]LogAIModule: Creating AISystem for world Untitled
[2020.04.30-11.52.47:154][  0]LogAudioMixer: Display: Audio Mixer Platform Settings:
[2020.04.30-11.52.47:154][  0]LogAudioMixer: Display: 	Sample Rate:						  48000
[2020.04.30-11.52.47:154][  0]LogAudioMixer: Display: 	Callback Buffer Frame Size Requested: 1024
[2020.04.30-11.52.47:154][  0]LogAudioMixer: Display: 	Callback Buffer Frame Size To Use:	  1024
[2020.04.30-11.52.47:154][  0]LogAudioMixer: Display: 	Number of buffers to queue:			  2
[2020.04.30-11.52.47:154][  0]LogAudioMixer: Display: 	Max Channels (voices):				  32
[2020.04.30-11.52.47:154][  0]LogAudioMixer: Display: 	Number of Async Source Workers:		  0
[2020.04.30-11.52.47:154][  0]LogAudio: Display: AudioDevice MaxSources: 32
[2020.04.30-11.52.47:154][  0]LogAudio: Display: Using built-in audio occlusion.
[2020.04.30-11.52.47:154][  0]LogAudioMixer: Display: Initializing audio mixer.
[2020.04.30-11.52.47:189][  0]LogAudioMixer: Display: Audio Device Output Speaker Info:
[2020.04.30-11.52.47:189][  0]LogAudioMixer: Display: Name: Громкоговоритель и наушники (Realtek High Definition Audio)
[2020.04.30-11.52.47:189][  0]LogAudioMixer: Display: Is Default: Yes
[2020.04.30-11.52.47:189][  0]LogAudioMixer: Display: Sample Rate: 48000
[2020.04.30-11.52.47:189][  0]LogAudioMixer: Display: Channel Count Used: 2
[2020.04.30-11.52.47:189][  0]LogAudioMixer: Display: Device Channel Count: 2
[2020.04.30-11.52.47:189][  0]LogAudioMixer: Display: Channel Order:
[2020.04.30-11.52.47:189][  0]LogAudioMixer: Display: 0: FrontLeft
[2020.04.30-11.52.47:189][  0]LogAudioMixer: Display: 1: FrontRight
[2020.04.30-11.52.47:235][  0]LogAudioMixer: Display: Using Audio Device Громкоговоритель и наушники (Realtek High Definition Audio)
[2020.04.30-11.52.47:241][  0]LogInit: FAudioDevice initialized.
[2020.04.30-11.52.47:241][  0]LogNetVersion: Set ProjectVersion to 1.0.0.0. Version Checksum will be recalculated on next use.
[2020.04.30-11.52.47:326][  0]LogDerivedDataCache: Saved boot cache 0.08s 78MB C:/Users/Никита/AppData/Local/UnrealEngine/4.24/DerivedDataCache/Boot.ddc.
[2020.04.30-11.52.47:330][  0]LogInit: Texture streaming: Enabled
[2020.04.30-11.52.47:340][  0]LogEngineSessionManager: EngineSessionManager initialized
[2020.04.30-11.52.47:340][  0]LogEditorSessionSummary: Verbose: Initializing EditorSessionSummaryWriter for editor session tracking
[2020.04.30-11.52.47:342][  0]LogEditorSessionSummary: EditorSessionSummaryWriter initialized
[2020.04.30-11.52.47:395][  0]LogInit: Transaction tracking system initialized
[2020.04.30-11.52.47:404][  0]BlueprintLog: New page: Editor Load
[2020.04.30-11.52.47:434][  0]LocalizationService: Localization service is disabled
[2020.04.30-11.52.47:771][  0]LogFileCache: Scanning file cache for directory 'C:/Users/Никита/Documents/Unreal Projects/Tropic_escape/Content/' took 0.02s
[2020.04.30-11.52.47:771][  0]LogCook: Display: Max memory allowance for cook 16384mb min free memory 0mb
[2020.04.30-11.52.47:771][  0]LogCook: Display: Mobile HDR setting 1
[2020.04.30-11.52.49:993][  0]SourceControl: Source control is disabled
[2020.04.30-11.52.49:994][  0]Cmd: MAP LOAD FILE="../../../../../../Users/Никита/Documents/Unreal Projects/Tropic_escape/Content/ThirdPersonBP/Maps/ThirdPersonExampleMap.umap" TEMPLATE=0 SHOWPROGRESS=1 FEATURELEVEL=3
[2020.04.30-11.52.49:994][  0]LightingResults: New page: Lighting Build
[2020.04.30-11.52.49:995][  0]LogWorld: UWorld::CleanupWorld for Untitled, bSessionEnded=true, bCleanupResources=true
[2020.04.30-11.52.49:995][  0]LogSlate: InvalidateAllWidgets triggered.  All widgets were invalidated
[2020.04.30-11.52.49:995][  0]MapCheck: New page: Map Check
[2020.04.30-11.52.49:995][  0]LightingResults: New page: Lighting Build
[2020.04.30-11.52.50:018][  0]LogUObjectHash: Compacting FUObjectHashTables data took   2.07ms
[2020.04.30-11.52.50:583][  0]LogAIModule: Creating AISystem for world ThirdPersonExampleMap
[2020.04.30-11.52.50:917][  0]LogEditorServer: Finished looking for orphan Actors (0.000 secs)
[2020.04.30-11.52.51:374][  0]LogUObjectHash: Compacting FUObjectHashTables data took   2.46ms
[2020.04.30-11.52.51:375][  0]Cmd: MAP CHECKDEP NOCLEARLOG
[2020.04.30-11.52.51:375][  0]MapCheck: Map check complete: 0 Error(s), 0 Warning(s), took 0,15ms to complete.
[2020.04.30-11.52.51:375][  0]LogFileHelpers: Loading map 'ThirdPersonExampleMap' took 1.381
[2020.04.30-11.52.51:538][  0]LogSlate: Updating window title bar state: overlay mode, drag disabled, window buttons hidden, title bar hidden
[2020.04.30-11.52.51:545][  0]LogSlate: Updating window title bar state: overlay mode, drag disabled, window buttons hidden, title bar hidden
[2020.04.30-11.52.51:553][  0]LogSlate: Updating window title bar state: overlay mode, drag disabled, window buttons hidden, title bar hidden
[2020.04.30-11.52.51:560][  0]LogSlate: Updating window title bar state: overlay mode, drag disabled, window buttons hidden, title bar hidden
[2020.04.30-11.52.51:565][  0]LogCollectionManager: Loaded 0 collections in 0.001684 seconds
[2020.04.30-11.52.51:577][  0]LogFileCache: Scanning file cache for directory 'C:/Users/Никита/Documents/Unreal Projects/Tropic_escape/Saved/Collections/' took 0.00s
[2020.04.30-11.52.51:578][  0]LogFileCache: Scanning file cache for directory 'C:/Users/Никита/Documents/Unreal Projects/Tropic_escape/Content/Developers/Никита/Collections/' took 0.00s
[2020.04.30-11.52.51:578][  0]LogFileCache: Scanning file cache for directory 'C:/Users/Никита/Documents/Unreal Projects/Tropic_escape/Content/Collections/' took 0.00s
[2020.04.30-11.52.51:578][  0]LogContentBrowser: Native class hierarchy populated in 0.0088 seconds. Added 3038 classes and 727 folders.
[2020.04.30-11.52.51:580][  0]LogContentBrowser: Native class hierarchy updated for 'WidgetCarousel' in 0.0002 seconds. Added 0 classes and 0 folders.
[2020.04.30-11.52.51:625][  0]LogContentBrowser: Native class hierarchy updated for 'AddContentDialog' in 0.0002 seconds. Added 0 classes and 0 folders.
[2020.04.30-11.52.51:629][  0]LogContentBrowser: Native class hierarchy updated for 'SceneOutliner' in 0.0002 seconds. Added 2 classes and 3 folders.
[2020.04.30-11.52.51:712][  0]LogSlate: Took 0.000278 seconds to synchronously load lazily loaded font '../../../Engine/Content/Slate/Fonts/Roboto-Regular.ttf' (155K)
[2020.04.30-11.52.51:719][  0]LogSlate: Took 0.000390 seconds to synchronously load lazily loaded font '../../../Engine/Content/Slate/Fonts/Roboto-Bold.ttf' (160K)
[2020.04.30-11.52.51:726][  0]LogSlate: Took 0.000231 seconds to synchronously load lazily loaded font '../../../Engine/Content/Editor/Slate/Fonts/FontAwesome.ttf' (139K)
[2020.04.30-11.52.51:978][  0]LogRenderer: Reallocating scene render targets to support 964x432 Format 9 NumSamples 1 (Frame:1).
[2020.04.30-11.52.52:113][  0]LogContentBrowser: Native class hierarchy updated for 'HierarchicalLODOutliner' in 0.0004 seconds. Added 0 classes and 0 folders.
[2020.04.30-11.52.52:113][  0]LogLoad: (Engine Initialization) Total time: 13.30 seconds
[2020.04.30-11.52.52:113][  0]LogLoad: (Engine Initialization) Total Blueprint compile time: 0.00 seconds
[2020.04.30-11.52.52:256][  0]LogContentStreaming: Texture pool size now 3000 MB
[2020.04.30-11.52.52:284][  0]LogSlate: Took 0.000163 seconds to synchronously load lazily loaded font '../../../Engine/Content/Slate/Fonts/Roboto-Light.ttf' (167K)
[2020.04.30-11.52.52:314][  1]LogAssetRegistry: Asset discovery search completed in 9.6936 seconds
[2020.04.30-11.52.52:321][  1]LogCollectionManager: Fixed up redirectors for 0 collections in 0.000012 seconds (updated 0 objects)
[2020.04.30-11.52.53:716][ 27]LogSlate: Window 'Plugins' being destroyed
[2020.04.30-11.52.53:738][ 27]LogSlate: Window 'Plugins' being destroyed
[2020.04.30-11.52.53:739][ 27]LogDirectoryWatcher: A directory notification for '../../../Engine/Plugins/' was aborted.
[2020.04.30-11.52.58:544][139]LogSlate: Took 0.001009 seconds to synchronously load lazily loaded font '../../../Engine/Content/Slate/Fonts/Roboto-Light.ttf' (167K)
[2020.04.30-11.52.58:589][139]LogAssetEditorSubsystem: Opening Asset editor for Material /Game/Terrain/Landscape.Landscape
[2020.04.30-11.52.58:607][139]LogMaterial: Display: Missing cached shader map for material Landscape, compiling. 
[2020.04.30-11.52.59:167][139]LogMaterial: Display: Missing cached shader map for material Landscape, compiling. 
[2020.04.30-11.52.59:191][139]LogMaterial: Display: Missing cached shader map for material Landscape, compiling. 
[2020.04.30-11.52.59:215][139]LogShaderCompilers: Display: Worker (1/3): shaders left to compile 9
[2020.04.30-11.52.59:215][139]LogShaderCompilers: Display: Worker (2/3): shaders left to compile 8
[2020.04.30-11.52.59:215][139]LogShaderCompilers: Display: Worker (3/3): shaders left to compile 7
[2020.04.30-11.52.59:319][139]LogSlate: Took 0.000241 seconds to synchronously load lazily loaded font '../../../Engine/Content/Slate/Fonts/Roboto-BoldCondensed.ttf' (158K)
[2020.04.30-11.53.01:432][175]LogSlate: Window 'Landscape' being destroyed
[2020.04.30-11.53.01:456][175]LogSlate: Window 'Landscape' being destroyed
[2020.04.30-11.53.01:634][175]LogWorld: UWorld::CleanupWorld for World_1, bSessionEnded=true, bCleanupResources=true
[2020.04.30-11.53.01:634][175]LogSlate: InvalidateAllWidgets triggered.  All widgets were invalidated
[2020.04.30-11.53.10:037][428]LogUObjectHash: Compacting FUObjectHashTables data took   3.41ms
[2020.04.30-11.53.10:948][428]LogShaderCompilers: Display: Worker (3/3): shaders left to compile 6
[2020.04.30-11.53.11:791][428]LogShaderCompilers: Display: Worker (2/3): shaders left to compile 5
[2020.04.30-11.53.12:603][428]LogShaderCompilers: Display: Worker (1/3): shaders left to compile 4
[2020.04.30-11.53.13:448][428]LogShaderCompilers: Display: Worker (3/3): shaders left to compile 3
[2020.04.30-11.53.14:175][428]LogShaderCompilers: Display: Worker (1/3): shaders left to compile 2
[2020.04.30-11.53.14:937][428]LogShaderCompilers: Display: Worker (2/3): shaders left to compile 1
[2020.04.30-11.53.19:376][428]LogSlate: Window 'Delete Assets' being destroyed
[2020.04.30-11.53.19:422][428]Cmd: CAMERA ALIGN ACTIVEVIEWPORTONLY
[2020.04.30-11.53.19:737][432]LogEditorViewport: Clicking on Actor (LMB): BP_Sky_Sphere_C (SkySphereBlueprint)
[2020.04.30-11.53.24:819][541]LogUObjectHash: Compacting FUObjectHashTables data took   2.05ms
[2020.04.30-11.53.26:227][541]LogSlate: Window 'Delete Assets' being destroyed
[2020.04.30-11.53.26:253][541]Cmd: CAMERA ALIGN ACTIVEVIEWPORTONLY
[2020.04.30-11.53.30:132][598]LogEditorViewport: Clicking on Actor (context menu): Landscape (Landscape2)
[2020.04.30-11.53.30:907][627]LogEditorViewport: Clicking on Actor (LMB): BP_Sky_Sphere_C (SkySphereBlueprint)
[2020.04.30-11.54.15:485][770]LogMaterial: Display: Missing cached shader map for material M_Dust_Particle, compiling. 
[2020.04.30-11.54.15:563][770]LogMaterial: Display: Missing cached shader map for material M_Dust_Particle, compiling. 
[2020.04.30-11.54.15:612][770]LogShaderCompilers: Display: Worker (1/3): shaders left to compile 60
[2020.04.30-11.54.15:612][770]LogShaderCompilers: Display: Worker (2/3): shaders left to compile 50
[2020.04.30-11.54.15:612][770]LogShaderCompilers: Display: Worker (3/3): shaders left to compile 40
[2020.04.30-11.54.15:623][770]LogMaterial: Display: Missing cached shader map for material M_Dust_Particle, compiling. 
[2020.04.30-11.54.16:097][770]LogMaterial: Display: Missing cached shader map for material M_Dust_Particle, compiling. 
[2020.04.30-11.54.16:195][770]LogMaterial: Display: Missing cached shader map for material M_Dust_Particle, compiling. 
[2020.04.30-11.54.16:278][770]LogMaterial: Display: Missing cached shader map for material M_Dust_Particle, compiling. 
[2020.04.30-11.54.48:179][547]LogUObjectHash: Compacting FUObjectHashTables data took   3.12ms
[2020.04.30-11.54.54:106][547]LogSlate: Window 'Delete Assets' being destroyed
[2020.04.30-11.55.42:011][701]LogTemp: Repeating last play command: New Editor Window (PIE)
[2020.04.30-11.55.42:104][701]LogBlueprintUserMessages: Early PlayInEditor Detection: Level '/Game/ThirdPersonBP/Maps/ThirdPersonExampleMap.ThirdPersonExampleMap:PersistentLevel' has LevelScriptBlueprint '/Game/ThirdPersonBP/Maps/ThirdPersonExampleMap.ThirdPersonExampleMap:PersistentLevel.ThirdPersonExampleMap' with GeneratedClass '/Game/ThirdPersonBP/Maps/ThirdPersonExampleMap.ThirdPersonExampleMap_C' with ClassGeneratedBy '/Game/ThirdPersonBP/Maps/ThirdPersonExampleMap.ThirdPersonExampleMap:PersistentLevel.ThirdPersonExampleMap'
[2020.04.30-11.55.42:106][701]LogPlayLevel: PlayLevel: No blueprints needed recompiling
[2020.04.30-11.55.42:108][701]PIE: New page: PIE session: ThirdPersonExampleMap (30 апр. 2020 г., 17:55:42)
[2020.04.30-11.55.42:110][701]LogOnline: OSS: Creating online subsystem instance for: NULL
[2020.04.30-11.55.42:112][701]LogOnline: OSS: TryLoadSubsystemAndSetDefault: Loaded subsystem for module [NULL]
[2020.04.30-11.55.42:116][701]LogPlayLevel: Creating play world package: /Game/ThirdPersonBP/Maps/UEDPIE_0_ThirdPersonExampleMap
[2020.04.30-11.55.43:247][701]LogPlayLevel: PIE: StaticDuplicateObject took: (1.131263s)
[2020.04.30-11.55.43:250][701]LogAIModule: Creating AISystem for world ThirdPersonExampleMap
[2020.04.30-11.55.43:251][701]LogPlayLevel: PIE: World Init took: (0.003216s)
[2020.04.30-11.55.43:251][701]LogPlayLevel: PIE: Created PIE world by copying editor world from /Game/ThirdPersonBP/Maps/ThirdPersonExampleMap.ThirdPersonExampleMap to /Game/ThirdPersonBP/Maps/UEDPIE_0_ThirdPersonExampleMap.ThirdPersonExampleMap (1.135121s)
[2020.04.30-11.55.43:338][701]LogUObjectHash: Compacting FUObjectHashTables data took   3.40ms
[2020.04.30-11.55.43:345][701]LogAudioMixer: Display: Audio Mixer Platform Settings:
[2020.04.30-11.55.43:345][701]LogAudioMixer: Display: 	Sample Rate:						  48000
[2020.04.30-11.55.43:345][701]LogAudioMixer: Display: 	Callback Buffer Frame Size Requested: 1024
[2020.04.30-11.55.43:345][701]LogAudioMixer: Display: 	Callback Buffer Frame Size To Use:	  1024
[2020.04.30-11.55.43:345][701]LogAudioMixer: Display: 	Number of buffers to queue:			  2
[2020.04.30-11.55.43:345][701]LogAudioMixer: Display: 	Max Channels (voices):				  32
[2020.04.30-11.55.43:346][701]LogAudioMixer: Display: 	Number of Async Source Workers:		  0
[2020.04.30-11.55.43:346][701]LogAudio: Display: AudioDevice MaxSources: 32
[2020.04.30-11.55.43:346][701]LogAudio: Display: Using built-in audio occlusion.
[2020.04.30-11.55.43:347][701]LogAudioMixer: Display: Initializing audio mixer.
[2020.04.30-11.55.43:361][701]LogAudioMixer: Display: Audio Device Output Speaker Info:
[2020.04.30-11.55.43:361][701]LogAudioMixer: Display: Name: Громкоговоритель и наушники (Realtek High Definition Audio)
[2020.04.30-11.55.43:361][701]LogAudioMixer: Display: Is Default: Yes
[2020.04.30-11.55.43:361][701]LogAudioMixer: Display: Sample Rate: 48000
[2020.04.30-11.55.43:361][701]LogAudioMixer: Display: Channel Count Used: 2
[2020.04.30-11.55.43:361][701]LogAudioMixer: Display: Device Channel Count: 2
[2020.04.30-11.55.43:361][701]LogAudioMixer: Display: Channel Order:
[2020.04.30-11.55.43:361][701]LogAudioMixer: Display: 0: FrontLeft
[2020.04.30-11.55.43:361][701]LogAudioMixer: Display: 1: FrontRight
[2020.04.30-11.55.43:393][701]LogAudioMixer: Display: Using Audio Device Громкоговоритель и наушники (Realtek High Definition Audio)
[2020.04.30-11.55.43:396][701]LogInit: FAudioDevice initialized.
[2020.04.30-11.55.43:450][701]LogSlate: Updating window title bar state: overlay mode, drag disabled, window buttons hidden, title bar hidden
[2020.04.30-11.55.43:479][701]LogLoad: Game class is 'ThirdPersonGameMode_C'
[2020.04.30-11.55.43:548][701]LogWorld: Bringing World /Game/ThirdPersonBP/Maps/UEDPIE_0_ThirdPersonExampleMap.ThirdPersonExampleMap up for play (max tick rate 0) at 2020.04.30-14.55.43
[2020.04.30-11.55.43:551][701]LogWorld: Bringing up level for play took: 0.063832
[2020.04.30-11.55.43:552][701]LogOnline: OSS: Creating online subsystem instance for: :Context_3
[2020.04.30-11.55.43:586][701]LogContentBrowser: Native class hierarchy updated for 'MovieSceneCapture' in 0.0006 seconds. Added 20 classes and 0 folders.
[2020.04.30-11.55.43:600][701]PIE: Play in editor start time for /Game/ThirdPersonBP/Maps/UEDPIE_0_ThirdPersonExampleMap 0,565
[2020.04.30-11.55.43:601][701]LogBlueprintUserMessages: Late PlayInEditor Detection: Level '/Game/ThirdPersonBP/Maps/ThirdPersonExampleMap.ThirdPersonExampleMap:PersistentLevel' has LevelScriptBlueprint '/Game/ThirdPersonBP/Maps/ThirdPersonExampleMap.ThirdPersonExampleMap:PersistentLevel.ThirdPersonExampleMap' with GeneratedClass '/Game/ThirdPersonBP/Maps/ThirdPersonExampleMap.ThirdPersonExampleMap_C' with ClassGeneratedBy '/Game/ThirdPersonBP/Maps/ThirdPersonExampleMap.ThirdPersonExampleMap:PersistentLevel.ThirdPersonExampleMap'
[2020.04.30-11.55.44:285][702]LogRenderer: Reallocating scene render targets to support 1536x864 Format 9 NumSamples 1 (Frame:1).
[2020.04.30-11.57.40:210][724]LogAudioMixer: Display: No commands were queued while flushing the source manager.
[2020.04.30-11.57.40:210][724]LogAudioMixer: Display: No commands were queued while flushing the source manager.
[2020.04.30-11.57.40:214][724]LogBlueprintUserMessages: Early EndPlayMap Detection: Level '/Game/ThirdPersonBP/Maps/ThirdPersonExampleMap.ThirdPersonExampleMap:PersistentLevel' has LevelScriptBlueprint '/Game/ThirdPersonBP/Maps/ThirdPersonExampleMap.ThirdPersonExampleMap:PersistentLevel.ThirdPersonExampleMap' with GeneratedClass '/Game/ThirdPersonBP/Maps/ThirdPersonExampleMap.ThirdPersonExampleMap_C' with ClassGeneratedBy '/Game/ThirdPersonBP/Maps/ThirdPersonExampleMap.ThirdPersonExampleMap:PersistentLevel.ThirdPersonExampleMap'
[2020.04.30-11.57.40:218][724]LogSlate: Updating window title bar state: overlay mode, drag disabled, window buttons hidden, title bar hidden
[2020.04.30-11.57.40:219][724]LogWorld: BeginTearingDown for /Game/ThirdPersonBP/Maps/UEDPIE_0_ThirdPersonExampleMap
[2020.04.30-11.57.40:351][724]LogSlate: Window 'Tropic_escape Game Preview Standalone (64-bit/PCD3D_SM5)' being destroyed
[2020.04.30-11.57.40:383][724]LogAudioMixer: Display: No commands were queued while flushing the source manager.
[2020.04.30-11.57.40:384][724]LogWorld: UWorld::CleanupWorld for ThirdPersonExampleMap, bSessionEnded=true, bCleanupResources=true
[2020.04.30-11.57.40:406][724]LogSlate: InvalidateAllWidgets triggered.  All widgets were invalidated
[2020.04.30-11.57.40:429][724]LogPlayLevel: Display: Shutting down PIE online subsystems
[2020.04.30-11.57.40:430][724]LogBlueprintUserMessages: Late EndPlayMap Detection: Level '/Game/ThirdPersonBP/Maps/ThirdPersonExampleMap.ThirdPersonExampleMap:PersistentLevel' has LevelScriptBlueprint '/Game/ThirdPersonBP/Maps/ThirdPersonExampleMap.ThirdPersonExampleMap:PersistentLevel.ThirdPersonExampleMap' with GeneratedClass '/Game/ThirdPersonBP/Maps/ThirdPersonExampleMap.ThirdPersonExampleMap_C' with ClassGeneratedBy '/Game/ThirdPersonBP/Maps/ThirdPersonExampleMap.ThirdPersonExampleMap:PersistentLevel.ThirdPersonExampleMap'
[2020.04.30-11.57.40:441][724]LogSlate: InvalidateAllWidgets triggered.  All widgets were invalidated
[2020.04.30-11.57.40:533][724]LogAudioMixer: Display: No commands were queued while flushing the source manager.
[2020.04.30-11.57.40:700][724]LogUObjectHash: Compacting FUObjectHashTables data took   4.72ms
[2020.04.30-11.57.40:768][725]LogPlayLevel: Display: Destroying online subsystem :Context_3
[2020.04.30-11.58.26:855][694]LogShaderCompilers: Display: Worker (1/3): shaders left to compile 330
[2020.04.30-11.59.03:201][778]LogShaderCompilers: Display: Worker (2/3): shaders left to compile 320
[2020.04.30-11.59.17:567][810]LogShaderCompilers: Display: Worker (3/3): shaders left to compile 310
[2020.04.30-11.59.35:991][947]LogShaderCompilers: Display: Worker (1/3): shaders left to compile 300
[2020.04.30-12.00.11:453][230]LogShaderCompilers: Display: Worker (2/3): shaders left to compile 290
[2020.04.30-12.00.16:718][264]LogShaderCompilers: Display: Worker (1/3): shaders left to compile 280
[2020.04.30-12.00.22:559][324]LogShaderCompilers: Display: Worker (3/3): shaders left to compile 270
[2020.04.30-12.01.06:631][594]LogShaderCompilers: Display: Worker (3/3): shaders left to compile 260
[2020.04.30-12.01.13:071][666]LogShaderCompilers: Display: Worker (2/3): shaders left to compile 250
[2020.04.30-12.01.19:672][739]LogShaderCompilers: Display: Worker (1/3): shaders left to compile 240
[2020.04.30-12.02.00:871][ 18]LogShaderCompilers: Display: Worker (1/3): shaders left to compile 230
[2020.04.30-12.02.02:025][ 22]LogShaderCompilers: Display: Worker (3/3): shaders left to compile 220
[2020.04.30-12.02.09:249][ 52]LogAudioMixer: Display: Audio Buffer Underrun detected.
[2020.04.30-12.02.14:199][108]LogAudioMixer: Display: Audio Buffer Underrun detected.
[2020.04.30-12.02.15:422][123]LogShaderCompilers: Display: Worker (2/3): shaders left to compile 210
[2020.04.30-12.02.39:231][347]LogAudioMixer: Display: Audio Buffer Underrun detected.
[2020.04.30-12.02.45:217][387]LogAudioMixer: Display: Audio Buffer Underrun detected.
[2020.04.30-12.02.57:421][547]LogShaderCompilers: Display: Worker (2/3): shaders left to compile 200
[2020.04.30-12.03.17:166][830]LogAudioMixer: Display: Audio Buffer Underrun detected.
[2020.04.30-12.03.22:431][899]LogShaderCompilers: Display: Worker (1/3): shaders left to compile 190
[2020.04.30-12.03.48:009][326]LogAudioMixer: Display: Audio Buffer Underrun detected.
[2020.04.30-12.03.53:946][430]LogAudioMixer: Display: Audio Buffer Underrun detected.
[2020.04.30-12.04.31:937][ 75]LogAudioMixer: Display: Audio Buffer Underrun detected.
[2020.04.30-12.04.36:692][158]LogAudioMixer: Display: Audio Buffer Underrun detected.
[2020.04.30-12.04.41:538][239]LogShaderCompilers: Display: Worker (3/3): shaders left to compile 180
[2020.04.30-12.05.13:510][755]LogAudioMixer: Display: Audio Buffer Underrun detected.
[2020.04.30-12.07.40:690][583]LogShaderCompilers: Display: Worker (3/3): shaders left to compile 170
[2020.04.30-12.07.44:583][605]LogShaderCompilers: Display: Worker (2/3): shaders left to compile 160
[2020.04.30-12.07.53:806][690]LogShaderCompilers: Display: Worker (1/3): shaders left to compile 150
[2020.04.30-12.08.17:388][921]LogShaderCompilers: Display: Worker (1/3): shaders left to compile 140
[2020.04.30-12.08.17:540][923]LogShaderCompilers: Display: Worker (3/3): shaders left to compile 130
[2020.04.30-12.08.24:060][ 10]LogShaderCompilers: Display: Worker (2/3): shaders left to compile 120
[2020.04.30-12.08.43:623][265]LogShaderCompilers: Display: Worker (2/3): shaders left to compile 110
[2020.04.30-12.08.46:889][306]LogShaderCompilers: Display: Worker (1/3): shaders left to compile 100
[2020.04.30-12.08.51:173][362]LogShaderCompilers: Display: Worker (3/3): shaders left to compile 90
[2020.04.30-12.09.10:512][613]LogShaderCompilers: Display: Worker (3/3): shaders left to compile 80
[2020.04.30-12.09.14:401][662]LogShaderCompilers: Display: Worker (2/3): shaders left to compile 70
[2020.04.30-12.09.21:344][754]LogShaderCompilers: Display: Worker (1/3): shaders left to compile 60
[2020.04.30-12.09.34:781][913]LogAudioMixer: Display: Audio Buffer Underrun detected.
[2020.04.30-12.09.40:785][990]LogShaderCompilers: Display: Worker (3/3): shaders left to compile 50
[2020.04.30-12.09.40:925][992]LogShaderCompilers: Display: Worker (1/3): shaders left to compile 40
[2020.04.30-12.09.47:058][ 71]LogShaderCompilers: Display: Worker (2/3): shaders left to compile 30
[2020.04.30-12.10.14:634][644]LogEditorViewport: Clicking on Actor (LMB): BP_Sky_Sphere_C (SkySphereBlueprint)
[2020.04.30-12.10.29:478][927]LogEditorViewport: Clicking on Actor (context menu): BP_Sky_Sphere_C (SkySphereBlueprint)
[2020.04.30-12.12.54:622][968]LogShaderCompilers: Display: Worker (2/3): shaders left to compile 20
[2020.04.30-12.13.17:627][  9]LogShaderCompilers: Display: Worker (3/3): shaders left to compile 13
[2020.04.30-12.13.25:378][ 41]LogShaderCompilers: Display: Worker (1/3): shaders left to compile 8
[2020.04.30-12.13.37:988][160]LogShaderCompilers: Display: Worker (1/3): shaders left to compile 5
[2020.04.30-12.13.39:544][174]LogShaderCompilers: Display: Worker (3/3): shaders left to compile 3
[2020.04.30-12.13.43:574][188]LogShaderCompilers: Display: Worker (2/3): shaders left to compile 1
[2020.04.30-12.14.10:754][300]LogUObjectHash: Compacting FUObjectHashTables data took   4.55ms
[2020.04.30-12.14.16:267][300]LogSavePackage: Moving '../../../../../../Users/Никита/Documents/Unreal Projects/Tropic_escape/Saved/ThirdPersonExampleMap_Auto1FF059FD2429004926130EAB43530A5F9.tmp' to '../../../../../../Users/Никита/Documents/Unreal Projects/Tropic_escape/Saved/Autosaves/Game/ThirdPersonBP/Maps/ThirdPersonExampleMap_Auto1.umap'
[2020.04.30-12.14.16:283][300]LogFileHelpers: Editor autosave (incl. sublevels) for '/Game/ThirdPersonBP/Maps/ThirdPersonExampleMap' took 5.619
[2020.04.30-12.14.16:283][300]LogFileHelpers: Editor autosave (incl. sublevels) for all levels took 5.619
[2020.04.30-12.16.10:579][782]LogUObjectHash: Compacting FUObjectHashTables data took   3.48ms
[2020.04.30-12.16.12:126][782]LogSavePackage: Moving '../../../../../../Users/Никита/Documents/Unreal Projects/Tropic_escape/Saved/ThirdPersonExampleMap5387E5634AD7B1B6121DF2BDF8A424E9.tmp' to '../../../../../../Users/Никита/Documents/Unreal Projects/Tropic_escape/Content/ThirdPersonBP/Maps/ThirdPersonExampleMap.umap'
[2020.04.30-12.16.12:621][782]LogSavePackage: Moving '../../../../../../Users/Никита/Documents/Unreal Projects/Tropic_escape/Saved/ThirdPersonExampleMap_BuiltDataE0C5D0244ACF6413D08A53B7671F1990.tmp' to '../../../../../../Users/Никита/Documents/Unreal Projects/Tropic_escape/Content/ThirdPersonBP/Maps/ThirdPersonExampleMap_BuiltData.uasset'
[2020.04.30-12.16.12:644][782]AssetCheck: New page: Asset Save: multiple assets
[2020.04.30-12.16.12:644][782]LogContentValidation: Display: Validating World /Game/ThirdPersonBP/Maps/ThirdPersonExampleMap.ThirdPersonExampleMap
[2020.04.30-12.16.12:644][782]LogContentValidation: Display: Validating MapBuildDataRegistry /Game/ThirdPersonBP/Maps/ThirdPersonExampleMap_BuiltData.ThirdPersonExampleMap_BuiltData
[2020.04.30-12.16.16:596][872]LogUObjectHash: Compacting FUObjectHashTables data took   2.98ms
[2020.04.30-12.16.18:267][872]LogSlate: Window 'Delete Assets' being destroyed
[2020.04.30-12.16.18:427][872]LogUObjectHash: Compacting FUObjectHashTables data took   4.11ms
[2020.04.30-12.16.18:461][872]LogUObjectHash: Compacting FUObjectHashTables data took   2.32ms
[2020.04.30-12.16.18:488][872]LogUObjectHash: Compacting FUObjectHashTables data took   0.70ms
[2020.04.30-12.16.21:554][958]LogUObjectHash: Compacting FUObjectHashTables data took   3.27ms
[2020.04.30-12.16.24:755][958]LogSlate: Window 'Delete Assets' being destroyed
[2020.04.30-12.16.27:465][ 27]LogUObjectHash: Compacting FUObjectHashTables data took   2.16ms
[2020.04.30-12.16.41:320][ 27]LogSlate: Window 'Delete Assets' being destroyed
[2020.04.30-12.17.05:279][507]LogUObjectHash: Compacting FUObjectHashTables data took   4.48ms
[2020.04.30-12.17.06:960][507]LogSavePackage: Moving '../../../../../../Users/Никита/Documents/Unreal Projects/Tropic_escape/Saved/ThirdPersonExampleMapC991AA344F2EABA33338B7AD222020C0.tmp' to '../../../../../../Users/Никита/Documents/Unreal Projects/Tropic_escape/Content/ThirdPersonBP/Maps/ThirdPersonExampleMap.umap'
[2020.04.30-12.17.07:376][507]LogSavePackage: Moving '../../../../../../Users/Никита/Documents/Unreal Projects/Tropic_escape/Saved/ThirdPersonExampleMap_BuiltData1838A08A4515295F953A7F89A8315855.tmp' to '../../../../../../Users/Никита/Documents/Unreal Projects/Tropic_escape/Content/ThirdPersonBP/Maps/ThirdPersonExampleMap_BuiltData.uasset'
[2020.04.30-12.17.07:397][507]AssetCheck: New page: Asset Save: multiple assets
[2020.04.30-12.17.07:397][507]LogContentValidation: Display: Validating World /Game/ThirdPersonBP/Maps/ThirdPersonExampleMap.ThirdPersonExampleMap
[2020.04.30-12.17.07:397][507]LogContentValidation: Display: Validating MapBuildDataRegistry /Game/ThirdPersonBP/Maps/ThirdPersonExampleMap_BuiltData.ThirdPersonExampleMap_BuiltData
[2020.04.30-12.17.10:802][593]LogUObjectHash: Compacting FUObjectHashTables data took   3.75ms
[2020.04.30-12.17.12:128][593]LogSlate: Window 'Delete Assets' being destroyed
