Log file open, 04/30/20 13:48:22
LogWindows: Failed to load 'aqProf.dll' (GetLastError=126)
LogWindows: File 'aqProf.dll' does not exist
LogWindows: Failed to load 'VtuneApi.dll' (GetLastError=126)
LogWindows: File 'VtuneApi.dll' does not exist
LogWindows: Failed to load 'VtuneApi32e.dll' (GetLastError=126)
LogWindows: File 'VtuneApi32e.dll' does not exist
LogConsoleResponse: Display: Failed to find resolution value strings in scalability ini. Falling back to default.
LogInit: Display: Running engine for game: Tropic_escape
LogPlatformFile: Not using cached read wrapper
LogTaskGraph: Started task graph with 5 named threads and 11 total threads with 3 sets of task threads.
LogStats: Stats thread started at 0.156667
LogD3D11RHI: Loaded GFSDK_Aftermath_Lib.x64.dll
LogICUInternationalization: ICU TimeZone Detection - Raw Offset: +3:00, Platform Override: ''
LogPluginManager: Mounting plugin Paper2D
LogPluginManager: Mounting plugin AISupport
LogPluginManager: Mounting plugin LightPropagationVolume
LogPluginManager: Mounting plugin ActorLayerUtilities
LogPluginManager: Mounting plugin AnimationSharing
LogPluginManager: Mounting plugin CLionSourceCodeAccess
LogPluginManager: Mounting plugin CodeLiteSourceCodeAccess
LogPluginManager: Mounting plugin GitSourceControl
LogPluginManager: Mounting plugin KDevelopSourceCodeAccess
LogPluginManager: Mounting plugin NullSourceCodeAccess
LogPluginManager: Mounting plugin PerforceSourceControl
LogPluginManager: Mounting plugin PlasticSourceControl
LogPluginManager: Mounting plugin SubversionSourceControl
LogPluginManager: Mounting plugin UObjectPlugin
LogPluginManager: Mounting plugin VisualStudioCodeSourceCodeAccess
LogPluginManager: Mounting plugin VisualStudioSourceCodeAccess
LogPluginManager: Mounting plugin XCodeSourceCodeAccess
LogPluginManager: Mounting plugin AssetManagerEditor
LogPluginManager: Mounting plugin CryptoKeys
LogPluginManager: Mounting plugin CurveEditorTools
LogPluginManager: Mounting plugin DataValidation
LogPluginManager: Mounting plugin EditorScriptingUtilities
LogPluginManager: Mounting plugin FacialAnimation
LogPluginManager: Mounting plugin GameplayTagsEditor
LogPluginManager: Mounting plugin MacGraphicsSwitching
LogPluginManager: Mounting plugin MaterialAnalyzer
LogPluginManager: Mounting plugin MobileLauncherProfileWizard
LogPluginManager: Mounting plugin PluginBrowser
LogPluginManager: Mounting plugin SpeedTreeImporter
LogPluginManager: Mounting plugin DatasmithContent
LogPluginManager: Mounting plugin VariantManagerContent
LogPluginManager: Mounting plugin AlembicImporter
LogPluginManager: Mounting plugin AutomationUtils
LogPluginManager: Mounting plugin BackChannel
LogPluginManager: Mounting plugin CharacterAI
LogPluginManager: Mounting plugin GeometryCache
LogPluginManager: Mounting plugin PlatformCrypto
LogPluginManager: Mounting plugin ProxyLODPlugin
LogPluginManager: Mounting plugin PythonScriptPlugin
LogPluginManager: Mounting plugin SkeletalReduction
LogPluginManager: Mounting plugin MagicLeap
LogPluginManager: Mounting plugin MagicLeapMedia
LogPluginManager: Mounting plugin MLSDK
LogPluginManager: Mounting plugin AndroidMedia
LogPluginManager: Mounting plugin AvfMedia
LogPluginManager: Mounting plugin ImgMedia
LogPluginManager: Mounting plugin MediaCompositing
LogPluginManager: Mounting plugin MediaPlayerEditor
LogPluginManager: Mounting plugin WebMMedia
LogPluginManager: Mounting plugin WmfMedia
LogPluginManager: Mounting plugin MegascansPlugin
LogPluginManager: Mounting plugin TcpMessaging
LogPluginManager: Mounting plugin UdpMessaging
LogPluginManager: Mounting plugin ActorSequence
LogPluginManager: Mounting plugin LevelSequenceEditor
LogPluginManager: Mounting plugin MatineeToLevelSequence
LogPluginManager: Mounting plugin NetcodeUnitTest
LogPluginManager: Mounting plugin NUTUnrealEngine4
LogPluginManager: Mounting plugin OnlineSubsystemGooglePlay
LogPluginManager: Mounting plugin OnlineSubsystemIOS
LogPluginManager: Mounting plugin OnlineSubsystem
LogPluginManager: Mounting plugin OnlineSubsystemNull
LogPluginManager: Mounting plugin OnlineSubsystemUtils
LogPluginManager: Mounting plugin LauncherChunkInstaller
LogPluginManager: Mounting plugin AndroidDeviceProfileSelector
LogPluginManager: Mounting plugin AndroidMoviePlayer
LogPluginManager: Mounting plugin AndroidPermission
LogPluginManager: Mounting plugin AppleImageUtils
LogPluginManager: Mounting plugin AppleMoviePlayer
LogPluginManager: Mounting plugin ArchVisCharacter
LogPluginManager: Mounting plugin AssetTags
LogPluginManager: Mounting plugin AudioCapture
LogPluginManager: Mounting plugin CableComponent
LogPluginManager: Mounting plugin CustomMeshComponent
LogPluginManager: Mounting plugin EditableMesh
LogPluginManager: Mounting plugin ExampleDeviceProfileSelector
LogPluginManager: Mounting plugin GoogleCloudMessaging
LogPluginManager: Mounting plugin HDRIBackdrop
LogPluginManager: Mounting plugin IOSDeviceProfileSelector
LogPluginManager: Mounting plugin LinuxDeviceProfileSelector
LogPluginManager: Mounting plugin LocationServicesBPLibrary
LogPluginManager: Mounting plugin MobilePatchingUtils
LogPluginManager: Mounting plugin OculusVR
LogPluginManager: Mounting plugin PhysXVehicles
LogPluginManager: Mounting plugin PostSplashScreen
LogPluginManager: Mounting plugin ProceduralMeshComponent
LogPluginManager: Mounting plugin RuntimePhysXCooking
LogPluginManager: Mounting plugin SignificanceManager
LogPluginManager: Mounting plugin SteamVR
LogPluginManager: Mounting plugin WebMMoviePlayer
LogPluginManager: Mounting plugin WindowsMoviePlayer
LogPluginManager: Mounting plugin ScreenshotTools
LogInit: Using libcurl 7.55.1-DEV
LogInit:  - built for x86_64-pc-win32
LogInit:  - supports SSL with OpenSSL/1.1.1
LogInit:  - supports HTTP deflate (compression) using libz 1.2.8
LogInit:  - other features:
LogInit:      CURL_VERSION_SSL
LogInit:      CURL_VERSION_LIBZ
LogInit:      CURL_VERSION_IPV6
LogInit:      CURL_VERSION_ASYNCHDNS
LogInit:      CURL_VERSION_LARGEFILE
LogInit:      CURL_VERSION_IDN
LogInit:  CurlRequestOptions (configurable via config and command line):
LogInit:  - bVerifyPeer = true  - Libcurl will verify peer certificate
LogInit:  - bUseHttpProxy = false  - Libcurl will NOT use HTTP proxy
LogInit:  - bDontReuseConnections = false  - Libcurl will reuse connections
LogInit:  - MaxHostConnections = 16  - Libcurl will limit the number of connections to a host
LogInit:  - LocalHostAddr = Default
LogInit:  - BufferSize = 65536
LogOnline: OSS: Creating online subsystem instance for: NULL
LogInit: WinSock: version 1.1 (2.2), MaxSocks=32767, MaxUdp=65467
LogOnline: OSS: TryLoadSubsystemAndSetDefault: Loaded subsystem for module [NULL]
LogInit: Build: ++UE4+Release-4.24-CL-11590370
LogInit: Engine Version: 4.24.3-11590370+++UE4+Release-4.24
LogInit: Compatible Engine Version: 4.24.0-10570792+++UE4+Release-4.24
LogInit: Net CL: 10570792
LogInit: OS: Windows 10 (Release 1903) (), CPU: Intel(R) Core(TM) i7-7500U CPU @ 2.70GHz, GPU: Intel(R) HD Graphics 620
LogInit: Compiled (64-bit): Feb 24 2020 15:39:18
LogInit: Compiled with Visual C++: 19.16.27032.01
LogInit: Build Configuration: Development
LogInit: Branch Name: ++UE4+Release-4.24
LogInit: Command Line: 
LogInit: Base Directory: C:/Program Files/Epic Games/UE_4.24/Engine/Binaries/Win64/
LogInit: Installed Engine Build: 1
LogDevObjectVersion: Number of dev versions registered: 25
LogDevObjectVersion:   Dev-Blueprints (B0D832E4-1F89-4F0D-ACCF-7EB736FD4AA2): 10
LogDevObjectVersion:   Dev-Build (E1C64328-A22C-4D53-A36C-8E866417BD8C): 0
LogDevObjectVersion:   Dev-Core (375EC13C-06E4-48FB-B500-84F0262A717E): 3
LogDevObjectVersion:   Dev-Editor (E4B068ED-F494-42E9-A231-DA0B2E46BB41): 37
LogDevObjectVersion:   Dev-Framework (CFFC743F-43B0-4480-9391-14DF171D2073): 36
LogDevObjectVersion:   Dev-Mobile (B02B49B5-BB20-44E9-A304-32B752E40360): 2
LogDevObjectVersion:   Dev-Networking (A4E4105C-59A1-49B5-A7C5-40C4547EDFEE): 0
LogDevObjectVersion:   Dev-Online (39C831C9-5AE6-47DC-9A44-9C173E1C8E7C): 0
LogDevObjectVersion:   Dev-Physics (78F01B33-EBEA-4F98-B9B4-84EACCB95AA2): 2
LogDevObjectVersion:   Dev-Platform (6631380F-2D4D-43E0-8009-CF276956A95A): 0
LogDevObjectVersion:   Dev-Rendering (12F88B9F-8875-4AFC-A67C-D90C383ABD29): 36
LogDevObjectVersion:   Dev-Sequencer (7B5AE74C-D270-4C10-A958-57980B212A5A): 11
LogDevObjectVersion:   Dev-VR (D7296918-1DD6-4BDD-9DE2-64A83CC13884): 2
LogDevObjectVersion:   Dev-LoadTimes (C2A15278-BFE7-4AFE-6C17-90FF531DF755): 1
LogDevObjectVersion:   Private-Geometry (6EACA3D4-40EC-4CC1-B786-8BED09428FC5): 3
LogDevObjectVersion:   Dev-AnimPhys (29E575DD-E0A3-4627-9D10-D276232CDCEA): 17
LogDevObjectVersion:   Dev-Anim (AF43A65D-7FD3-4947-9873-3E8ED9C1BB05): 2
LogDevObjectVersion:   Dev-ReflectionCapture (6B266CEC-1EC7-4B8F-A30B-E4D90942FC07): 1
LogDevObjectVersion:   Dev-Automation (0DF73D61-A23F-47EA-B727-89E90C41499A): 1
LogDevObjectVersion:   FortniteMain (601D1886-AC64-4F84-AA16-D3DE0DEAC7D6): 31
LogDevObjectVersion:   Dev-Enterprise (9DFFBCD6-494F-0158-E221-12823C92A888): 8
LogDevObjectVersion:   Dev-Niagara (F2AED0AC-9AFE-416F-8664-AA7FFA26D6FC): 1
LogDevObjectVersion:   Dev-Destruction (174F1F0B-B4C6-45A5-B13F-2EE8D0FB917D): 9
LogDevObjectVersion:   Dev-Physics-Ext (35F94A83-E258-406C-A318-09F59610247C): 8
LogDevObjectVersion:   Dev-CineCamera (B2E18506-4273-CFC2-A54E-F4BB758BBA07): 1
LogInit: Presizing for max 25165824 objects, including 0 objects not considered by GC, pre-allocating 0 bytes for permanent pool.
LogInit: Object subsystem initialized
LogConfig: Setting CVar [[con.DebugEarlyDefault:1]]
LogConfig: Setting CVar [[r.setres:1280x720]]
[2020.04.30-10.48.24:681][  0]LogConfig: Setting CVar [[r.VSync:0]]
[2020.04.30-10.48.24:681][  0]LogConfig: Setting CVar [[r.RHICmdBypass:0]]
[2020.04.30-10.48.24:682][  0]LogConfig: Applying CVar settings from Section [/Script/Engine.RendererSettings] File [C:/Users/Никита/Documents/Unreal Projects/Tropic_escape/Saved/Config/Windows/Engine.ini]
[2020.04.30-10.48.24:682][  0]LogConfig: Setting CVar [[r.GPUCrashDebugging:0]]
[2020.04.30-10.48.24:682][  0]LogConfig: Applying CVar settings from Section [/Script/Engine.RendererOverrideSettings] File [C:/Users/Никита/Documents/Unreal Projects/Tropic_escape/Saved/Config/Windows/Engine.ini]
[2020.04.30-10.48.24:682][  0]LogConfig: Applying CVar settings from Section [/Script/Engine.StreamingSettings] File [C:/Users/Никита/Documents/Unreal Projects/Tropic_escape/Saved/Config/Windows/Engine.ini]
[2020.04.30-10.48.24:682][  0]LogConfig: Setting CVar [[s.MinBulkDataSizeForAsyncLoading:131072]]
[2020.04.30-10.48.24:682][  0]LogConfig: Setting CVar [[s.AsyncLoadingThreadEnabled:0]]
[2020.04.30-10.48.24:682][  0]LogConfig: Setting CVar [[s.EventDrivenLoaderEnabled:1]]
[2020.04.30-10.48.24:682][  0]LogConfig: Setting CVar [[s.WarnIfTimeLimitExceeded:0]]
[2020.04.30-10.48.24:682][  0]LogConfig: Setting CVar [[s.TimeLimitExceededMultiplier:1.5]]
[2020.04.30-10.48.24:682][  0]LogConfig: Setting CVar [[s.TimeLimitExceededMinTime:0.005]]
[2020.04.30-10.48.24:682][  0]LogConfig: Setting CVar [[s.UseBackgroundLevelStreaming:1]]
[2020.04.30-10.48.24:682][  0]LogConfig: Setting CVar [[s.PriorityAsyncLoadingExtraTime:15.0]]
[2020.04.30-10.48.24:682][  0]LogConfig: Setting CVar [[s.LevelStreamingActorsUpdateTimeLimit:5.0]]
[2020.04.30-10.48.24:682][  0]LogConfig: Setting CVar [[s.PriorityLevelStreamingActorsUpdateExtraTime:5.0]]
[2020.04.30-10.48.24:682][  0]LogConfig: Setting CVar [[s.LevelStreamingComponentsRegistrationGranularity:10]]
[2020.04.30-10.48.24:682][  0]LogConfig: Setting CVar [[s.UnregisterComponentsTimeLimit:1.0]]
[2020.04.30-10.48.24:682][  0]LogConfig: Setting CVar [[s.LevelStreamingComponentsUnregistrationGranularity:5]]
[2020.04.30-10.48.24:682][  0]LogConfig: Setting CVar [[s.FlushStreamingOnExit:1]]
[2020.04.30-10.48.24:682][  0]LogConfig: Applying CVar settings from Section [/Script/Engine.GarbageCollectionSettings] File [C:/Users/Никита/Documents/Unreal Projects/Tropic_escape/Saved/Config/Windows/Engine.ini]
[2020.04.30-10.48.24:683][  0]LogConfig: Setting CVar [[gc.MaxObjectsNotConsideredByGC:1]]
[2020.04.30-10.48.24:683][  0]LogConfig: Setting CVar [[gc.SizeOfPermanentObjectPool:0]]
[2020.04.30-10.48.24:683][  0]LogConfig: Setting CVar [[gc.FlushStreamingOnGC:0]]
[2020.04.30-10.48.24:683][  0]LogConfig: Setting CVar [[gc.NumRetriesBeforeForcingGC:10]]
[2020.04.30-10.48.24:683][  0]LogConfig: Setting CVar [[gc.AllowParallelGC:1]]
[2020.04.30-10.48.24:683][  0]LogConfig: Setting CVar [[gc.TimeBetweenPurgingPendingKillObjects:61.1]]
[2020.04.30-10.48.24:683][  0]LogConfig: Setting CVar [[gc.MaxObjectsInEditor:25165824]]
[2020.04.30-10.48.24:683][  0]LogConfig: Setting CVar [[gc.IncrementalBeginDestroyEnabled:1]]
[2020.04.30-10.48.24:683][  0]LogConfig: Setting CVar [[gc.CreateGCClusters:1]]
[2020.04.30-10.48.24:683][  0]LogConfig: Setting CVar [[gc.MinGCClusterSize:5]]
[2020.04.30-10.48.24:683][  0]LogConfig: Setting CVar [[gc.ActorClusteringEnabled:0]]
[2020.04.30-10.48.24:683][  0]LogConfig: Setting CVar [[gc.BlueprintClusteringEnabled:0]]
[2020.04.30-10.48.24:683][  0]LogConfig: Setting CVar [[gc.UseDisregardForGCOnDedicatedServers:0]]
[2020.04.30-10.48.24:683][  0]LogConfig: Applying CVar settings from Section [/Script/Engine.NetworkSettings] File [C:/Users/Никита/Documents/Unreal Projects/Tropic_escape/Saved/Config/Windows/Engine.ini]
[2020.04.30-10.48.24:683][  0]LogConfig: Applying CVar settings from Section [/Script/UnrealEd.CookerSettings] File [C:/Users/Никита/Documents/Unreal Projects/Tropic_escape/Saved/Config/Windows/Engine.ini]
[2020.04.30-10.48.24:692][  0]LogConfig: Applying CVar settings from Section [ViewDistanceQuality@3] File [C:/Users/Никита/Documents/Unreal Projects/Tropic_escape/Saved/Config/Windows/Scalability.ini]
[2020.04.30-10.48.24:692][  0]LogConfig: Setting CVar [[r.SkeletalMeshLODBias:0]]
[2020.04.30-10.48.24:692][  0]LogConfig: Setting CVar [[r.ViewDistanceScale:1.0]]
[2020.04.30-10.48.24:692][  0]LogConfig: Applying CVar settings from Section [AntiAliasingQuality@3] File [C:/Users/Никита/Documents/Unreal Projects/Tropic_escape/Saved/Config/Windows/Scalability.ini]
[2020.04.30-10.48.24:692][  0]LogConfig: Setting CVar [[r.PostProcessAAQuality:4]]
[2020.04.30-10.48.24:692][  0]LogConfig: Applying CVar settings from Section [ShadowQuality@3] File [C:/Users/Никита/Documents/Unreal Projects/Tropic_escape/Saved/Config/Windows/Scalability.ini]
[2020.04.30-10.48.24:692][  0]LogConfig: Setting CVar [[r.LightFunctionQuality:1]]
[2020.04.30-10.48.24:692][  0]LogConfig: Setting CVar [[r.ShadowQuality:5]]
[2020.04.30-10.48.24:692][  0]LogConfig: Setting CVar [[r.Shadow.CSM.MaxCascades:10]]
[2020.04.30-10.48.24:692][  0]LogConfig: Setting CVar [[r.Shadow.MaxResolution:2048]]
[2020.04.30-10.48.24:692][  0]LogConfig: Setting CVar [[r.Shadow.MaxCSMResolution:2048]]
[2020.04.30-10.48.24:692][  0]LogConfig: Setting CVar [[r.Shadow.RadiusThreshold:0.01]]
[2020.04.30-10.48.24:692][  0]LogConfig: Setting CVar [[r.Shadow.DistanceScale:1.0]]
[2020.04.30-10.48.24:692][  0]LogConfig: Setting CVar [[r.Shadow.CSM.TransitionScale:1.0]]
[2020.04.30-10.48.24:692][  0]LogConfig: Setting CVar [[r.Shadow.PreShadowResolutionFactor:1.0]]
[2020.04.30-10.48.24:692][  0]LogConfig: Setting CVar [[r.DistanceFieldShadowing:1]]
[2020.04.30-10.48.24:692][  0]LogConfig: Setting CVar [[r.DistanceFieldAO:1]]
[2020.04.30-10.48.24:692][  0]LogConfig: Setting CVar [[r.AOQuality:2]]
[2020.04.30-10.48.24:692][  0]LogConfig: Setting CVar [[r.VolumetricFog:1]]
[2020.04.30-10.48.24:693][  0]LogConfig: Setting CVar [[r.VolumetricFog.GridPixelSize:8]]
[2020.04.30-10.48.24:693][  0]LogConfig: Setting CVar [[r.VolumetricFog.GridSizeZ:128]]
[2020.04.30-10.48.24:693][  0]LogConfig: Setting CVar [[r.VolumetricFog.HistoryMissSupersampleCount:4]]
[2020.04.30-10.48.24:693][  0]LogConfig: Setting CVar [[r.LightMaxDrawDistanceScale:1]]
[2020.04.30-10.48.24:693][  0]LogConfig: Setting CVar [[r.CapsuleShadows:1]]
[2020.04.30-10.48.24:693][  0]LogConfig: Applying CVar settings from Section [PostProcessQuality@3] File [C:/Users/Никита/Documents/Unreal Projects/Tropic_escape/Saved/Config/Windows/Scalability.ini]
[2020.04.30-10.48.24:693][  0]LogConfig: Setting CVar [[r.MotionBlurQuality:4]]
[2020.04.30-10.48.24:693][  0]LogConfig: Setting CVar [[r.AmbientOcclusionMipLevelFactor:0.4]]
[2020.04.30-10.48.24:693][  0]LogConfig: Setting CVar [[r.AmbientOcclusionMaxQuality:100]]
[2020.04.30-10.48.24:693][  0]LogConfig: Setting CVar [[r.AmbientOcclusionLevels:-1]]
[2020.04.30-10.48.24:693][  0]LogConfig: Setting CVar [[r.AmbientOcclusionRadiusScale:1.0]]
[2020.04.30-10.48.24:693][  0]LogConfig: Setting CVar [[r.DepthOfFieldQuality:2]]
[2020.04.30-10.48.24:693][  0]LogConfig: Setting CVar [[r.RenderTargetPoolMin:400]]
[2020.04.30-10.48.24:693][  0]LogConfig: Setting CVar [[r.LensFlareQuality:2]]
[2020.04.30-10.48.24:693][  0]LogConfig: Setting CVar [[r.SceneColorFringeQuality:1]]
[2020.04.30-10.48.24:693][  0]LogConfig: Setting CVar [[r.EyeAdaptationQuality:2]]
[2020.04.30-10.48.24:693][  0]LogConfig: Setting CVar [[r.BloomQuality:5]]
[2020.04.30-10.48.24:693][  0]LogConfig: Setting CVar [[r.FastBlurThreshold:100]]
[2020.04.30-10.48.24:693][  0]LogConfig: Setting CVar [[r.Upscale.Quality:3]]
[2020.04.30-10.48.24:693][  0]LogConfig: Setting CVar [[r.Tonemapper.GrainQuantization:1]]
[2020.04.30-10.48.24:693][  0]LogConfig: Setting CVar [[r.LightShaftQuality:1]]
[2020.04.30-10.48.24:693][  0]LogConfig: Setting CVar [[r.Filter.SizeScale:1]]
[2020.04.30-10.48.24:693][  0]LogConfig: Setting CVar [[r.Tonemapper.Quality:5]]
[2020.04.30-10.48.24:693][  0]LogConfig: Setting CVar [[r.DOF.Gather.AccumulatorQuality:1        ; higher gathering accumulator quality]]
[2020.04.30-10.48.24:693][  0]LogConfig: Setting CVar [[r.DOF.Gather.PostfilterMethod:1          ; Median3x3 postfilering method]]
[2020.04.30-10.48.24:693][  0]LogConfig: Setting CVar [[r.DOF.Gather.EnableBokehSettings:0       ; no bokeh simulation when gathering]]
[2020.04.30-10.48.24:694][  0]LogConfig: Setting CVar [[r.DOF.Gather.RingCount:4                 ; medium number of samples when gathering]]
[2020.04.30-10.48.24:694][  0]LogConfig: Setting CVar [[r.DOF.Scatter.ForegroundCompositing:1    ; additive foreground scattering]]
[2020.04.30-10.48.24:694][  0]LogConfig: Setting CVar [[r.DOF.Scatter.BackgroundCompositing:2    ; additive background scattering]]
[2020.04.30-10.48.24:694][  0]LogConfig: Setting CVar [[r.DOF.Scatter.EnableBokehSettings:1      ; bokeh simulation when scattering]]
[2020.04.30-10.48.24:694][  0]LogConfig: Setting CVar [[r.DOF.Scatter.MaxSpriteRatio:0.1         ; only a maximum of 10% of scattered bokeh]]
[2020.04.30-10.48.24:694][  0]LogConfig: Setting CVar [[r.DOF.Recombine.Quality:1                ; cheap slight out of focus]]
[2020.04.30-10.48.24:694][  0]LogConfig: Setting CVar [[r.DOF.Recombine.EnableBokehSettings:0    ; no bokeh simulation on slight out of focus]]
[2020.04.30-10.48.24:694][  0]LogConfig: Setting CVar [[r.DOF.TemporalAAQuality:1                ; more stable temporal accumulation]]
[2020.04.30-10.48.24:694][  0]LogConfig: Setting CVar [[r.DOF.Kernel.MaxForegroundRadius:0.025]]
[2020.04.30-10.48.24:694][  0]LogConfig: Setting CVar [[r.DOF.Kernel.MaxBackgroundRadius:0.025]]
[2020.04.30-10.48.24:694][  0]LogConfig: Applying CVar settings from Section [TextureQuality@3] File [C:/Users/Никита/Documents/Unreal Projects/Tropic_escape/Saved/Config/Windows/Scalability.ini]
[2020.04.30-10.48.24:694][  0]LogConfig: Setting CVar [[r.Streaming.MipBias:0]]
[2020.04.30-10.48.24:694][  0]LogConfig: Setting CVar [[r.Streaming.AmortizeCPUToGPUCopy:0]]
[2020.04.30-10.48.24:694][  0]LogConfig: Setting CVar [[r.Streaming.MaxNumTexturesToStreamPerFrame:0]]
[2020.04.30-10.48.24:694][  0]LogConfig: Setting CVar [[r.Streaming.Boost:1]]
[2020.04.30-10.48.24:694][  0]LogConfig: Setting CVar [[r.MaxAnisotropy:8]]
[2020.04.30-10.48.24:694][  0]LogConfig: Setting CVar [[r.VT.MaxAnisotropy:8]]
[2020.04.30-10.48.24:694][  0]LogConfig: Setting CVar [[r.Streaming.LimitPoolSizeToVRAM:0]]
[2020.04.30-10.48.24:694][  0]LogConfig: Setting CVar [[r.Streaming.PoolSize:1000]]
[2020.04.30-10.48.24:694][  0]LogConfig: Setting CVar [[r.Streaming.MaxEffectiveScreenSize:0]]
[2020.04.30-10.48.24:694][  0]LogConfig: Applying CVar settings from Section [EffectsQuality@3] File [C:/Users/Никита/Documents/Unreal Projects/Tropic_escape/Saved/Config/Windows/Scalability.ini]
[2020.04.30-10.48.24:694][  0]LogConfig: Setting CVar [[r.TranslucencyLightingVolumeDim:64]]
[2020.04.30-10.48.24:694][  0]LogConfig: Setting CVar [[r.RefractionQuality:2]]
[2020.04.30-10.48.24:694][  0]LogConfig: Setting CVar [[r.SSR.Quality:3]]
[2020.04.30-10.48.24:694][  0]LogConfig: Setting CVar [[r.SSR.HalfResSceneColor:0]]
[2020.04.30-10.48.24:694][  0]LogConfig: Setting CVar [[r.SceneColorFormat:4]]
[2020.04.30-10.48.24:694][  0]LogConfig: Setting CVar [[r.DetailMode:2]]
[2020.04.30-10.48.24:694][  0]LogConfig: Setting CVar [[r.TranslucencyVolumeBlur:1]]
[2020.04.30-10.48.24:694][  0]LogConfig: Setting CVar [[r.MaterialQualityLevel:1 ; High quality]]
[2020.04.30-10.48.24:694][  0]LogConfig: Setting CVar [[r.SSS.Scale:1]]
[2020.04.30-10.48.24:694][  0]LogConfig: Setting CVar [[r.SSS.SampleSet:2]]
[2020.04.30-10.48.24:695][  0]LogConfig: Setting CVar [[r.SSS.Quality:1]]
[2020.04.30-10.48.24:695][  0]LogConfig: Setting CVar [[r.SSS.HalfRes:1]]
[2020.04.30-10.48.24:695][  0]LogConfig: Setting CVar [[r.SSGI.Quality:3]]
[2020.04.30-10.48.24:695][  0]LogConfig: Setting CVar [[r.EmitterSpawnRateScale:1.0]]
[2020.04.30-10.48.24:695][  0]LogConfig: Setting CVar [[r.ParticleLightQuality:2]]
[2020.04.30-10.48.24:695][  0]LogConfig: Setting CVar [[r.SkyAtmosphere.AerialPerspectiveLUT.FastApplyOnOpaque:1 ; Always have FastSkyLUT 1 in this case to avoid wrong sky]]
[2020.04.30-10.48.24:695][  0]LogConfig: Setting CVar [[r.SkyAtmosphere.AerialPerspectiveLUT.SampleCountPerSlice:1]]
[2020.04.30-10.48.24:695][  0]LogConfig: Setting CVar [[r.SkyAtmosphere.AerialPerspectiveLUT.DepthResolution:16.0]]
[2020.04.30-10.48.24:695][  0]LogConfig: Setting CVar [[r.SkyAtmosphere.FastSkyLUT:1]]
[2020.04.30-10.48.24:695][  0]LogConfig: Setting CVar [[r.SkyAtmosphere.FastSkyLUT.SampleCountMin:4.0]]
[2020.04.30-10.48.24:695][  0]LogConfig: Setting CVar [[r.SkyAtmosphere.FastSkyLUT.SampleCountMax:32.0]]
[2020.04.30-10.48.24:695][  0]LogConfig: Setting CVar [[r.SkyAtmosphere.SampleCountMin:4.0]]
[2020.04.30-10.48.24:695][  0]LogConfig: Setting CVar [[r.SkyAtmosphere.SampleCountMax:32.0]]
[2020.04.30-10.48.24:695][  0]LogConfig: Setting CVar [[r.SkyAtmosphere.TransmittanceLUT.UseSmallFormat:0]]
[2020.04.30-10.48.24:695][  0]LogConfig: Setting CVar [[r.SkyAtmosphere.TransmittanceLUT.SampleCount:10.0]]
[2020.04.30-10.48.24:695][  0]LogConfig: Setting CVar [[r.SkyAtmosphere.MultiScatteringLUT.SampleCount:15.0]]
[2020.04.30-10.48.24:695][  0]LogConfig: Applying CVar settings from Section [FoliageQuality@3] File [C:/Users/Никита/Documents/Unreal Projects/Tropic_escape/Saved/Config/Windows/Scalability.ini]
[2020.04.30-10.48.24:695][  0]LogConfig: Setting CVar [[foliage.DensityScale:1.0]]
[2020.04.30-10.48.24:695][  0]LogConfig: Setting CVar [[grass.DensityScale:1.0]]
[2020.04.30-10.48.24:695][  0]LogConfig: Applying CVar settings from Section [ShadingQuality@3] File [C:/Users/Никита/Documents/Unreal Projects/Tropic_escape/Saved/Config/Windows/Scalability.ini]
[2020.04.30-10.48.24:695][  0]LogConfig: Setting CVar [[r.HairStrands.SkyLighting.SampleCount:16]]
[2020.04.30-10.48.24:695][  0]LogConfig: Setting CVar [[r.HairStrands.SkyLighting.JitterIntegration:0]]
[2020.04.30-10.48.24:695][  0]LogConfig: Setting CVar [[r.HairStrands.SkyAO.SampleCount:16]]
[2020.04.30-10.48.24:695][  0]LogInit: Selected Device Profile: [Windows]
[2020.04.30-10.48.24:695][  0]LogInit: Applying CVar settings loaded from the selected device profile: [Windows]
[2020.04.30-10.48.24:721][  0]LogHAL: Display: Platform has ~ 8 GB [8501673984 / 8589934592 / 8], which maps to Default [LargestMinGB=32, LargerMinGB=12, DefaultMinGB=8, SmallerMinGB=6, SmallestMinGB=0)
[2020.04.30-10.48.24:721][  0]LogInit: Going up to parent DeviceProfile []
[2020.04.30-10.48.24:722][  0]LogConfig: Applying CVar settings from Section [ViewDistanceQuality@Cine] File [C:/Users/Никита/Documents/Unreal Projects/Tropic_escape/Saved/Config/Windows/Scalability.ini]
[2020.04.30-10.48.24:722][  0]LogConfig: Setting CVar [[r.SkeletalMeshLODBias:0]]
[2020.04.30-10.48.24:722][  0]LogConfig: Setting CVar [[r.ViewDistanceScale:10.0]]
[2020.04.30-10.48.24:722][  0]LogConfig: Applying CVar settings from Section [AntiAliasingQuality@0] File [C:/Users/Никита/Documents/Unreal Projects/Tropic_escape/Saved/Config/Windows/Scalability.ini]
[2020.04.30-10.48.24:722][  0]LogConfig: Setting CVar [[r.PostProcessAAQuality:0]]
[2020.04.30-10.48.24:723][  0]LogConfig: Applying CVar settings from Section [ShadowQuality@0] File [C:/Users/Никита/Documents/Unreal Projects/Tropic_escape/Saved/Config/Windows/Scalability.ini]
[2020.04.30-10.48.24:723][  0]LogConfig: Setting CVar [[r.LightFunctionQuality:0]]
[2020.04.30-10.48.24:723][  0]LogConfig: Setting CVar [[r.ShadowQuality:0]]
[2020.04.30-10.48.24:723][  0]LogConfig: Setting CVar [[r.Shadow.CSM.MaxCascades:1]]
[2020.04.30-10.48.24:723][  0]LogConfig: Setting CVar [[r.Shadow.MaxResolution:512]]
[2020.04.30-10.48.24:723][  0]LogConfig: Setting CVar [[r.Shadow.MaxCSMResolution:512]]
[2020.04.30-10.48.24:723][  0]LogConfig: Setting CVar [[r.Shadow.RadiusThreshold:0.06]]
[2020.04.30-10.48.24:724][  0]LogConfig: Setting CVar [[r.Shadow.DistanceScale:0.6]]
[2020.04.30-10.48.24:724][  0]LogConfig: Setting CVar [[r.Shadow.CSM.TransitionScale:0]]
[2020.04.30-10.48.24:724][  0]LogConfig: Setting CVar [[r.Shadow.PreShadowResolutionFactor:0.5]]
[2020.04.30-10.48.24:724][  0]LogConfig: Setting CVar [[r.DistanceFieldShadowing:0]]
[2020.04.30-10.48.24:724][  0]LogConfig: Setting CVar [[r.DistanceFieldAO:0]]
[2020.04.30-10.48.24:724][  0]LogConfig: Setting CVar [[r.VolumetricFog:0]]
[2020.04.30-10.48.24:724][  0]LogConfig: Setting CVar [[r.LightMaxDrawDistanceScale:0]]
[2020.04.30-10.48.24:724][  0]LogConfig: Setting CVar [[r.CapsuleShadows:0]]
[2020.04.30-10.48.24:724][  0]LogConfig: Applying CVar settings from Section [PostProcessQuality@0] File [C:/Users/Никита/Documents/Unreal Projects/Tropic_escape/Saved/Config/Windows/Scalability.ini]
[2020.04.30-10.48.24:725][  0]LogConfig: Setting CVar [[r.MotionBlurQuality:0]]
[2020.04.30-10.48.24:725][  0]LogConfig: Setting CVar [[r.AmbientOcclusionMipLevelFactor:1.0]]
[2020.04.30-10.48.24:725][  0]LogConfig: Setting CVar [[r.AmbientOcclusionMaxQuality:0]]
[2020.04.30-10.48.24:725][  0]LogConfig: Setting CVar [[r.AmbientOcclusionLevels:0]]
[2020.04.30-10.48.24:725][  0]LogConfig: Setting CVar [[r.AmbientOcclusionRadiusScale:1.2]]
[2020.04.30-10.48.24:725][  0]LogConfig: Setting CVar [[r.DepthOfFieldQuality:0]]
[2020.04.30-10.48.24:725][  0]LogConfig: Setting CVar [[r.RenderTargetPoolMin:300]]
[2020.04.30-10.48.24:725][  0]LogConfig: Setting CVar [[r.LensFlareQuality:0]]
[2020.04.30-10.48.24:725][  0]LogConfig: Setting CVar [[r.SceneColorFringeQuality:0]]
[2020.04.30-10.48.24:725][  0]LogConfig: Setting CVar [[r.EyeAdaptationQuality:0]]
[2020.04.30-10.48.24:725][  0]LogConfig: Setting CVar [[r.BloomQuality:4]]
[2020.04.30-10.48.24:725][  0]LogConfig: Setting CVar [[r.FastBlurThreshold:0]]
[2020.04.30-10.48.24:725][  0]LogConfig: Setting CVar [[r.Upscale.Quality:1]]
[2020.04.30-10.48.24:725][  0]LogConfig: Setting CVar [[r.Tonemapper.GrainQuantization:0]]
[2020.04.30-10.48.24:725][  0]LogConfig: Setting CVar [[r.LightShaftQuality:0]]
[2020.04.30-10.48.24:725][  0]LogConfig: Setting CVar [[r.Filter.SizeScale:0.6]]
[2020.04.30-10.48.24:725][  0]LogConfig: Setting CVar [[r.Tonemapper.Quality:0]]
[2020.04.30-10.48.24:725][  0]LogConfig: Applying CVar settings from Section [TextureQuality@Cine] File [C:/Users/Никита/Documents/Unreal Projects/Tropic_escape/Saved/Config/Windows/Scalability.ini]
[2020.04.30-10.48.24:725][  0]LogConfig: Setting CVar [[r.Streaming.MipBias:0]]
[2020.04.30-10.48.24:725][  0]LogConfig: Setting CVar [[r.Streaming.AmortizeCPUToGPUCopy:0]]
[2020.04.30-10.48.24:725][  0]LogConfig: Setting CVar [[r.Streaming.MaxNumTexturesToStreamPerFrame:0]]
[2020.04.30-10.48.24:725][  0]LogConfig: Setting CVar [[r.Streaming.Boost:1]]
[2020.04.30-10.48.24:725][  0]LogConfig: Setting CVar [[r.MaxAnisotropy:8]]
[2020.04.30-10.48.24:725][  0]LogConfig: Setting CVar [[r.VT.MaxAnisotropy:8]]
[2020.04.30-10.48.24:725][  0]LogConfig: Setting CVar [[r.Streaming.LimitPoolSizeToVRAM:0]]
[2020.04.30-10.48.24:725][  0]LogConfig: Setting CVar [[r.Streaming.PoolSize:3000]]
[2020.04.30-10.48.24:725][  0]LogConfig: Setting CVar [[r.Streaming.MaxEffectiveScreenSize:0]]
[2020.04.30-10.48.24:725][  0]LogConfig: Applying CVar settings from Section [EffectsQuality@2] File [C:/Users/Никита/Documents/Unreal Projects/Tropic_escape/Saved/Config/Windows/Scalability.ini]
[2020.04.30-10.48.24:725][  0]LogConfig: Setting CVar [[r.TranslucencyLightingVolumeDim:48]]
[2020.04.30-10.48.24:726][  0]LogConfig: Setting CVar [[r.RefractionQuality:2]]
[2020.04.30-10.48.24:726][  0]LogConfig: Setting CVar [[r.SSR.Quality:2]]
[2020.04.30-10.48.24:726][  0]LogConfig: Setting CVar [[r.SSR.HalfResSceneColor:1]]
[2020.04.30-10.48.24:726][  0]LogConfig: Setting CVar [[r.SceneColorFormat:3]]
[2020.04.30-10.48.24:726][  0]LogConfig: Setting CVar [[r.DetailMode:1]]
[2020.04.30-10.48.24:726][  0]LogConfig: Setting CVar [[r.TranslucencyVolumeBlur:1]]
[2020.04.30-10.48.24:726][  0]LogConfig: Setting CVar [[r.MaterialQualityLevel:1 ; High quality]]
[2020.04.30-10.48.24:726][  0]LogConfig: Setting CVar [[r.SSS.Scale:1]]
[2020.04.30-10.48.24:726][  0]LogConfig: Setting CVar [[r.SSS.SampleSet:1]]
[2020.04.30-10.48.24:726][  0]LogConfig: Setting CVar [[r.SSS.Quality:-1]]
[2020.04.30-10.48.24:726][  0]LogConfig: Setting CVar [[r.SSS.HalfRes:1]]
[2020.04.30-10.48.24:726][  0]LogConfig: Setting CVar [[r.SSGI.Quality:2]]
[2020.04.30-10.48.24:726][  0]LogConfig: Setting CVar [[r.EmitterSpawnRateScale:0.5]]
[2020.04.30-10.48.24:726][  0]LogConfig: Setting CVar [[r.ParticleLightQuality:1]]
[2020.04.30-10.48.24:726][  0]LogConfig: Setting CVar [[r.SkyAtmosphere.AerialPerspectiveLUT.FastApplyOnOpaque:1 ; Always have FastSkyLUT 1 in this case to avoid wrong sky]]
[2020.04.30-10.48.24:726][  0]LogConfig: Setting CVar [[r.SkyAtmosphere.AerialPerspectiveLUT.SampleCountPerSlice:1]]
[2020.04.30-10.48.24:726][  0]LogConfig: Setting CVar [[r.SkyAtmosphere.AerialPerspectiveLUT.DepthResolution:16.0]]
[2020.04.30-10.48.24:726][  0]LogConfig: Setting CVar [[r.SkyAtmosphere.FastSkyLUT:1]]
[2020.04.30-10.48.24:726][  0]LogConfig: Setting CVar [[r.SkyAtmosphere.FastSkyLUT.SampleCountMin:4.0]]
[2020.04.30-10.48.24:726][  0]LogConfig: Setting CVar [[r.SkyAtmosphere.FastSkyLUT.SampleCountMax:32.0]]
[2020.04.30-10.48.24:726][  0]LogConfig: Setting CVar [[r.SkyAtmosphere.SampleCountMin:4.0]]
[2020.04.30-10.48.24:726][  0]LogConfig: Setting CVar [[r.SkyAtmosphere.SampleCountMax:32.0]]
[2020.04.30-10.48.24:726][  0]LogConfig: Setting CVar [[r.SkyAtmosphere.TransmittanceLUT.UseSmallFormat:0]]
[2020.04.30-10.48.24:726][  0]LogConfig: Setting CVar [[r.SkyAtmosphere.TransmittanceLUT.SampleCount:10.0]]
[2020.04.30-10.48.24:726][  0]LogConfig: Setting CVar [[r.SkyAtmosphere.MultiScatteringLUT.SampleCount:15.0]]
[2020.04.30-10.48.24:727][  0]LogConfig: Applying CVar settings from Section [FoliageQuality@0] File [C:/Users/Никита/Documents/Unreal Projects/Tropic_escape/Saved/Config/Windows/Scalability.ini]
[2020.04.30-10.48.24:727][  0]LogConfig: Setting CVar [[foliage.DensityScale:0]]
[2020.04.30-10.48.24:727][  0]LogConfig: Setting CVar [[grass.DensityScale:0]]
[2020.04.30-10.48.24:727][  0]LogConfig: Applying CVar settings from Section [ShadingQuality@0] File [C:/Users/Никита/Documents/Unreal Projects/Tropic_escape/Saved/Config/Windows/Scalability.ini]
[2020.04.30-10.48.24:727][  0]LogConfig: Setting CVar [[r.HairStrands.SkyLighting.SampleCount:8]]
[2020.04.30-10.48.24:727][  0]LogConfig: Setting CVar [[r.HairStrands.SkyLighting.JitterIntegration:0]]
[2020.04.30-10.48.24:727][  0]LogConfig: Setting CVar [[r.HairStrands.SkyAO.SampleCount:8]]
[2020.04.30-10.48.24:727][  0]LogConfig: Applying CVar settings from Section [Startup] File [../../../Engine/Config/ConsoleVariables.ini]
[2020.04.30-10.48.24:730][  0]LogConfig: Setting CVar [[net.UseAdaptiveNetUpdateFrequency:0]]
[2020.04.30-10.48.24:730][  0]LogConfig: Setting CVar [[p.chaos.AllowCreatePhysxBodies:1]]
[2020.04.30-10.48.24:730][  0]LogConfig: Applying CVar settings from Section [ConsoleVariables] File [C:/Users/Никита/Documents/Unreal Projects/Tropic_escape/Saved/Config/Windows/Engine.ini]
[2020.04.30-10.48.24:730][  0]LogInit: Computer: NIKITA
[2020.04.30-10.48.24:730][  0]LogInit: User: Никита
[2020.04.30-10.48.24:730][  0]LogInit: CPU Page size=4096, Cores=2
[2020.04.30-10.48.24:730][  0]LogInit: High frequency timer resolution =10.000000 MHz
[2020.04.30-10.48.24:731][  0]LogMemory: Memory total: Physical=7.9GB (8GB approx)
[2020.04.30-10.48.24:731][  0]LogMemory: Platform Memory Stats for Windows
[2020.04.30-10.48.24:731][  0]LogMemory: Process Physical Memory: 104.68 MB used, 104.68 MB peak
[2020.04.30-10.48.24:731][  0]LogMemory: Process Virtual Memory: 100.52 MB used, 100.52 MB peak
[2020.04.30-10.48.24:731][  0]LogMemory: Physical Memory: 5683.72 MB used,  2424.11 MB free, 8107.83 MB total
[2020.04.30-10.48.24:731][  0]LogMemory: Virtual Memory: 5121.57 MB used,  134212608.00 MB free, 134217728.00 MB total
[2020.04.30-10.48.24:748][  0]LogWindows: WindowsPlatformFeatures enabled
[2020.04.30-10.48.25:146][  0]LogInit: Using OS detected language (ru-RU).
[2020.04.30-10.48.25:146][  0]LogInit: Using OS detected locale (ru-RU).
[2020.04.30-10.48.25:148][  0]LogTextLocalizationManager: No specific localization for 'ru-RU' exists, so the 'ru' localization will be used.
[2020.04.30-10.48.25:148][  0]LogTextLocalizationResource: LocRes '../../../Engine/Content/Localization/Editor/ru/Editor.locres' could not be opened for reading!
[2020.04.30-10.48.25:149][  0]LogTextLocalizationResource: LocRes '../../../Engine/Content/Localization/EditorTutorials/ru/EditorTutorials.locres' could not be opened for reading!
[2020.04.30-10.48.25:149][  0]LogTextLocalizationResource: LocRes '../../../Engine/Content/Localization/Keywords/ru/Keywords.locres' could not be opened for reading!
[2020.04.30-10.48.25:149][  0]LogTextLocalizationResource: LocRes '../../../Engine/Content/Localization/Category/ru/Category.locres' could not be opened for reading!
[2020.04.30-10.48.25:150][  0]LogTextLocalizationResource: LocRes '../../../Engine/Content/Localization/ToolTips/ru/ToolTips.locres' could not be opened for reading!
[2020.04.30-10.48.25:150][  0]LogTextLocalizationResource: LocRes '../../../Engine/Content/Localization/PropertyNames/ru/PropertyNames.locres' could not be opened for reading!
[2020.04.30-10.48.25:150][  0]LogTextLocalizationResource: LocRes '../../../Engine/Content/Localization/Engine/ru/Engine.locres' could not be opened for reading!
[2020.04.30-10.48.25:230][  0]LogInit: Setting process to per monitor DPI aware
[2020.04.30-10.48.25:417][  0]LogSlate: New Slate User Created.  User Index 0, Is Virtual User: 0
[2020.04.30-10.48.25:417][  0]LogSlate: Slate User Registered.  User Index 0, Is Virtual User: 0
[2020.04.30-10.48.33:764][  0]LogHMD: Failed to initialize OpenVR with code 110
[2020.04.30-10.48.33:765][  0]LogD3D11RHI: D3D11 min allowed feature level: 11_0
[2020.04.30-10.48.33:765][  0]LogD3D11RHI: D3D11 max allowed feature level: 11_0
[2020.04.30-10.48.33:765][  0]LogD3D11RHI: D3D11 adapters:
[2020.04.30-10.48.33:838][  0]LogD3D11RHI:    0. 'Intel(R) HD Graphics 620' (Feature Level 11_0)
[2020.04.30-10.48.33:839][  0]LogD3D11RHI:       128/0/4053 MB DedicatedVideo/DedicatedSystem/SharedSystem, Outputs:1, VendorId:0x8086
[2020.04.30-10.48.33:846][  0]LogD3D11RHI:    1. 'Microsoft Basic Render Driver' (Feature Level 11_0)
[2020.04.30-10.48.33:846][  0]LogD3D11RHI:       0/0/4053 MB DedicatedVideo/DedicatedSystem/SharedSystem, Outputs:0, VendorId:0x1414
[2020.04.30-10.48.33:846][  0]LogD3D11RHI: Chosen D3D11 Adapter: 0
[2020.04.30-10.48.33:859][  0]LogD3D11RHI: Creating new Direct3DDevice
[2020.04.30-10.48.33:859][  0]LogD3D11RHI:     GPU DeviceId: 0x5916 (for the marketing name, search the web for "GPU Device Id")
[2020.04.30-10.48.33:859][  0]LogWindows: EnumDisplayDevices:
[2020.04.30-10.48.33:859][  0]LogWindows:    0. 'Intel(R) HD Graphics 620' (P:1 D:1)
[2020.04.30-10.48.33:860][  0]LogWindows:    1. 'Intel(R) HD Graphics 620' (P:0 D:0)
[2020.04.30-10.48.33:860][  0]LogWindows:    2. 'Intel(R) HD Graphics 620' (P:0 D:0)
[2020.04.30-10.48.33:860][  0]LogWindows: DebugString: FoundDriverCount:3 
[2020.04.30-10.48.33:860][  0]LogD3D11RHI:     Adapter Name: Intel(R) HD Graphics 620
[2020.04.30-10.48.33:860][  0]LogD3D11RHI:   Driver Version: 25.20.100.6518 (internal:25.20.100.6518, unified:25.20.100.6518)
[2020.04.30-10.48.33:860][  0]LogD3D11RHI:      Driver Date: 1-9-2019
[2020.04.30-10.48.33:860][  0]LogRHI: Texture pool is 1508 MB (70% of 2154 MB)
[2020.04.30-10.48.33:986][  0]LogD3D11RHI: RHI does not have support for 64 bit atomics
[2020.04.30-10.48.33:986][  0]LogD3D11RHI: [IntelMetricsDiscovery] Started
[2020.04.30-10.48.33:986][  0]LogD3D11RHI: Async texture creation enabled
[2020.04.30-10.48.33:993][  0]LogD3D11RHI: GPU Timing Frequency: 12.000048 (Debug: 2 0)
[2020.04.30-10.48.34:549][  0]LogTargetPlatformManager: Display: Loaded TargetPlatform 'AllDesktop'
[2020.04.30-10.48.34:614][  0]LogTargetPlatformManager: Display: Loaded TargetPlatform 'Android'
[2020.04.30-10.48.34:614][  0]LogTargetPlatformManager: Display: Loaded TargetPlatform 'Android_ASTC'
[2020.04.30-10.48.34:614][  0]LogTargetPlatformManager: Display: Loaded TargetPlatform 'Android_ATC'
[2020.04.30-10.48.34:614][  0]LogTargetPlatformManager: Display: Loaded TargetPlatform 'Android_DXT'
[2020.04.30-10.48.34:614][  0]LogTargetPlatformManager: Display: Loaded TargetPlatform 'Android_ETC1'
[2020.04.30-10.48.34:614][  0]LogTargetPlatformManager: Display: Loaded TargetPlatform 'Android_ETC1a'
[2020.04.30-10.48.34:614][  0]LogTargetPlatformManager: Display: Loaded TargetPlatform 'Android_ETC2'
[2020.04.30-10.48.34:614][  0]LogTargetPlatformManager: Display: Loaded TargetPlatform 'Android_PVRTC'
[2020.04.30-10.48.34:614][  0]LogTargetPlatformManager: Display: Loaded TargetPlatform 'AndroidClient'
[2020.04.30-10.48.34:614][  0]LogTargetPlatformManager: Display: Loaded TargetPlatform 'Android_ASTCClient'
[2020.04.30-10.48.34:614][  0]LogTargetPlatformManager: Display: Loaded TargetPlatform 'Android_ATCClient'
[2020.04.30-10.48.34:614][  0]LogTargetPlatformManager: Display: Loaded TargetPlatform 'Android_DXTClient'
[2020.04.30-10.48.34:614][  0]LogTargetPlatformManager: Display: Loaded TargetPlatform 'Android_ETC1Client'
[2020.04.30-10.48.34:614][  0]LogTargetPlatformManager: Display: Loaded TargetPlatform 'Android_ETC1aClient'
[2020.04.30-10.48.34:614][  0]LogTargetPlatformManager: Display: Loaded TargetPlatform 'Android_ETC2Client'
[2020.04.30-10.48.34:614][  0]LogTargetPlatformManager: Display: Loaded TargetPlatform 'Android_PVRTCClient'
[2020.04.30-10.48.34:614][  0]LogTargetPlatformManager: Display: Loaded TargetPlatform 'Android_Multi'
[2020.04.30-10.48.34:614][  0]LogTargetPlatformManager: Display: Loaded TargetPlatform 'Android_MultiClient'
[2020.04.30-10.48.34:661][  0]LogTargetPlatformManager: Display: Loaded TargetPlatform 'IOSClient'
[2020.04.30-10.48.34:661][  0]LogTargetPlatformManager: Display: Loaded TargetPlatform 'IOS'
[2020.04.30-10.48.34:676][  0]LogTargetPlatformManager: Display: Loaded TargetPlatform 'LinuxNoEditor'
[2020.04.30-10.48.34:689][  0]LogTargetPlatformManager: Display: Loaded TargetPlatform 'LinuxClient'
[2020.04.30-10.48.34:706][  0]LogTargetPlatformManager: Display: Loaded TargetPlatform 'LinuxServer'
[2020.04.30-10.48.34:721][  0]LogTargetPlatformManager: Display: Loaded TargetPlatform 'LinuxAArch64NoEditor'
[2020.04.30-10.48.34:739][  0]LogTargetPlatformManager: Display: Loaded TargetPlatform 'LinuxAArch64Client'
[2020.04.30-10.48.34:754][  0]LogTargetPlatformManager: Display: Loaded TargetPlatform 'LinuxAArch64Server'
[2020.04.30-10.48.34:817][  0]LogTargetPlatformManager: Display: Loaded TargetPlatform 'Lumin'
[2020.04.30-10.48.34:817][  0]LogTargetPlatformManager: Display: Loaded TargetPlatform 'LuminClient'
[2020.04.30-10.48.34:848][  0]LogTargetPlatformManager: Display: Loaded TargetPlatform 'TVOSClient'
[2020.04.30-10.48.34:848][  0]LogTargetPlatformManager: Display: Loaded TargetPlatform 'TVOS'
[2020.04.30-10.48.34:865][  0]LogTargetPlatformManager: Display: Loaded TargetPlatform 'WindowsNoEditor'
[2020.04.30-10.48.34:881][  0]LogTargetPlatformManager: Display: Loaded TargetPlatform 'Windows'
[2020.04.30-10.48.34:897][  0]LogTargetPlatformManager: Display: Loaded TargetPlatform 'WindowsClient'
[2020.04.30-10.48.34:912][  0]LogTargetPlatformManager: Display: Loaded TargetPlatform 'WindowsServer'
[2020.04.30-10.48.34:912][  0]LogTargetPlatformManager: Display: Building Assets For Windows
[2020.04.30-10.48.34:995][  0]LogAudioDebug: Display: Lib vorbis DLL was dynamically loaded.
[2020.04.30-10.48.35:112][  0]LogShaderCompilers: Guid format shader working directory is -23 characters bigger than the processId version (../../../../../../Users/Никита/Documents/Unreal Projects/Tropic_escape/Intermediate/Shaders/WorkingDirectory/1200/).
[2020.04.30-10.48.35:112][  0]LogShaderCompilers: Cleaned the shader compiler working directory 'C:/Users/Никита/AppData/Local/Temp/UnrealShaderWorkingDir/5D73BC2B474466C6835736A683711BC9/'.
[2020.04.30-10.48.35:113][  0]LogXGEController: Cannot use XGE Controller as Incredibuild is not installed on this machine.
[2020.04.30-10.48.35:113][  0]LogShaderCompilers: Cannot use XGE Shader Compiler as Incredibuild is not installed on this machine.
[2020.04.30-10.48.35:113][  0]LogShaderCompilers: Display: Using Local Shader Compiler.
[2020.04.30-10.48.38:688][  0]LogDerivedDataCache: Display: Max Cache Size: 512 MB
[2020.04.30-10.48.38:902][  0]LogDerivedDataCache: Loaded boot cache 0.21s 78MB C:/Users/Никита/AppData/Local/UnrealEngine/4.24/DerivedDataCache/Boot.ddc.
[2020.04.30-10.48.38:903][  0]LogDerivedDataCache: Display: Loaded Boot cache: C:/Users/Никита/AppData/Local/UnrealEngine/4.24/DerivedDataCache/Boot.ddc
[2020.04.30-10.48.38:904][  0]LogDerivedDataCache: FDerivedDataBackendGraph:  Pak pak cache file ../../../../../../Users/Никита/Documents/Unreal Projects/Tropic_escape/DerivedDataCache/DDC.ddp not found, will not use a pak cache.
[2020.04.30-10.48.38:904][  0]LogDerivedDataCache: Unable to find inner node Pak for hierarchical cache Hierarchy.
[2020.04.30-10.48.38:905][  0]LogDerivedDataCache: FDerivedDataBackendGraph:  CompressedPak pak cache file ../../../../../../Users/Никита/Documents/Unreal Projects/Tropic_escape/DerivedDataCache/Compressed.ddp not found, will not use a pak cache.
[2020.04.30-10.48.38:905][  0]LogDerivedDataCache: Unable to find inner node CompressedPak for hierarchical cache Hierarchy.
[2020.04.30-10.48.38:929][  0]LogDerivedDataCache: Display: Pak cache opened for reading ../../../Engine/DerivedDataCache/Compressed.ddp.
[2020.04.30-10.48.38:929][  0]LogDerivedDataCache: FDerivedDataBackendGraph:  EnterprisePak pak cache file ../../../Enterprise/DerivedDataCache/Compressed.ddp not found, will not use a pak cache.
[2020.04.30-10.48.38:929][  0]LogDerivedDataCache: Unable to find inner node EnterprisePak for hierarchical cache Hierarchy.
[2020.04.30-10.48.38:930][  0]LogDerivedDataCache: Using Local data cache path C:/Users/Никита/AppData/Local/UnrealEngine/Common/DerivedDataCache: Writable
[2020.04.30-10.48.38:930][  0]LogDerivedDataCache: Shared data cache path not found in *engine.ini, will not use an Shared cache.
[2020.04.30-10.48.38:930][  0]LogDerivedDataCache: Unable to find inner node Shared for hierarchical cache Hierarchy.
[2020.04.30-10.48.38:963][  0]LogMaterial: Verifying Global Shaders for PCD3D_SM5
[2020.04.30-10.48.38:965][  0]LogSlate: Using FreeType 2.10.0
[2020.04.30-10.48.38:981][  0]LogSlate: SlateFontServices - WITH_FREETYPE: 1, WITH_HARFBUZZ: 1
[2020.04.30-10.48.39:343][  0]LogAssetRegistry: FAssetRegistry took 0.0026 seconds to start up
[2020.04.30-10.48.39:738][  0]LogInit: Selected Device Profile: [Windows]
[2020.04.30-10.48.40:163][  0]LogMeshReduction: Using QuadricMeshReduction for automatic static mesh reduction
[2020.04.30-10.48.40:163][  0]LogMeshReduction: Using SimplygonMeshReduction for automatic skeletal mesh reduction
[2020.04.30-10.48.40:163][  0]LogMeshReduction: Using ProxyLODMeshReduction for automatic mesh merging
[2020.04.30-10.48.40:163][  0]LogMeshReduction: No distributed automatic mesh merging module available
[2020.04.30-10.48.40:163][  0]LogMeshMerging: No distributed automatic mesh merging module available
[2020.04.30-10.48.40:237][  0]LogNetVersion: Tropic_escape 1.0.0, NetCL: 10570792, EngineNetVer: 13, GameNetVer: 0 (Checksum: 880283756)
[2020.04.30-10.48.47:297][  0]LogPackageLocalizationCache: Processed 13 localized package path(s) for 1 prioritized culture(s) in 0.112435 seconds
[2020.04.30-10.48.47:316][  0]LogUObjectArray: 46750 objects as part of root set at end of initial load.
[2020.04.30-10.48.47:316][  0]LogUObjectAllocator: 8137160 out of 0 bytes used by permanent object pool.
[2020.04.30-10.48.47:316][  0]LogUObjectArray: CloseDisregardForGC: 0/0 objects in disregard for GC pool
[2020.04.30-10.48.48:601][  0]LogPython: Using Python 2.7.14
[2020.04.30-10.48.49:787][  0]LogTcpMessaging: Initializing TcpMessaging bridge
[2020.04.30-10.48.49:792][  0]LogUdpMessaging: Initializing bridge on interface 0.0.0.0:0 to multicast group 230.0.0.1:6666.
[2020.04.30-10.48.49:912][  0]SourceControl: Source control is disabled
[2020.04.30-10.48.49:912][  0]SourceControl: Source control is disabled
[2020.04.30-10.48.49:918][  0]SourceControl: Source control is disabled
[2020.04.30-10.48.49:921][  0]SourceControl: Source control is disabled
[2020.04.30-10.48.49:923][  0]SourceControl: Source control is disabled
[2020.04.30-10.48.50:150][  0]LogAndroidPermission: UAndroidPermissionCallbackProxy::GetInstance
[2020.04.30-10.48.50:184][  0]LogAudioCaptureCore: Display: No Audio Capture implementations found. Audio input will be silent.
[2020.04.30-10.48.50:184][  0]LogAudioCaptureCore: Display: No Audio Capture implementations found. Audio input will be silent.
[2020.04.30-10.48.50:376][  0]LogOcInput: OculusInput pre-init called
[2020.04.30-10.48.50:388][  0]LogWindows: Failed to load 'OVRPlugin.dll' (GetLastError=126)
[2020.04.30-10.48.50:388][  0]LogWindows: File 'OVRPlugin.dll' does not exist
[2020.04.30-10.48.51:660][  0]LogEngine: Initializing Engine...
[2020.04.30-10.48.51:661][  0]LogHMD: Failed to initialize OpenVR with code 110
[2020.04.30-10.48.51:663][  0]LogStats: UGameplayTagsManager::InitializeManager -  0.001 s
[2020.04.30-10.48.52:403][  0]LogInit: Initializing FReadOnlyCVARCache
[2020.04.30-10.48.52:419][  0]LogAIModule: Creating AISystem for world Untitled
[2020.04.30-10.48.52:549][  0]LogAudioMixer: Display: Audio Mixer Platform Settings:
[2020.04.30-10.48.52:549][  0]LogAudioMixer: Display: 	Sample Rate:						  48000
[2020.04.30-10.48.52:549][  0]LogAudioMixer: Display: 	Callback Buffer Frame Size Requested: 1024
[2020.04.30-10.48.52:549][  0]LogAudioMixer: Display: 	Callback Buffer Frame Size To Use:	  1024
[2020.04.30-10.48.52:549][  0]LogAudioMixer: Display: 	Number of buffers to queue:			  2
[2020.04.30-10.48.52:549][  0]LogAudioMixer: Display: 	Max Channels (voices):				  32
[2020.04.30-10.48.52:549][  0]LogAudioMixer: Display: 	Number of Async Source Workers:		  0
[2020.04.30-10.48.52:549][  0]LogAudio: Display: AudioDevice MaxSources: 32
[2020.04.30-10.48.52:549][  0]LogAudio: Display: Using built-in audio occlusion.
[2020.04.30-10.48.52:549][  0]LogAudioMixer: Display: Initializing audio mixer.
[2020.04.30-10.48.52:588][  0]LogAudioMixer: Display: Audio Device Output Speaker Info:
[2020.04.30-10.48.52:588][  0]LogAudioMixer: Display: Name: Громкоговоритель и наушники (Realtek High Definition Audio)
[2020.04.30-10.48.52:588][  0]LogAudioMixer: Display: Is Default: Yes
[2020.04.30-10.48.52:588][  0]LogAudioMixer: Display: Sample Rate: 48000
[2020.04.30-10.48.52:588][  0]LogAudioMixer: Display: Channel Count Used: 2
[2020.04.30-10.48.52:588][  0]LogAudioMixer: Display: Device Channel Count: 2
[2020.04.30-10.48.52:588][  0]LogAudioMixer: Display: Channel Order:
[2020.04.30-10.48.52:588][  0]LogAudioMixer: Display: 0: FrontLeft
[2020.04.30-10.48.52:588][  0]LogAudioMixer: Display: 1: FrontRight
[2020.04.30-10.48.52:614][  0]LogAudioMixer: Display: Using Audio Device Громкоговоритель и наушники (Realtek High Definition Audio)
[2020.04.30-10.48.52:625][  0]LogInit: FAudioDevice initialized.
[2020.04.30-10.48.52:625][  0]LogNetVersion: Set ProjectVersion to 1.0.0.0. Version Checksum will be recalculated on next use.
[2020.04.30-10.48.52:705][  0]LogDerivedDataCache: Saved boot cache 0.08s 78MB C:/Users/Никита/AppData/Local/UnrealEngine/4.24/DerivedDataCache/Boot.ddc.
[2020.04.30-10.48.52:709][  0]LogInit: Texture streaming: Enabled
[2020.04.30-10.48.52:726][  0]LogEngineSessionManager: EngineSessionManager initialized
[2020.04.30-10.48.52:726][  0]LogEditorSessionSummary: Verbose: Initializing EditorSessionSummaryWriter for editor session tracking
[2020.04.30-10.48.52:728][  0]LogEditorSessionSummary: EditorSessionSummaryWriter initialized
[2020.04.30-10.48.52:797][  0]LogInit: Transaction tracking system initialized
[2020.04.30-10.48.52:819][  0]BlueprintLog: New page: Editor Load
[2020.04.30-10.48.52:877][  0]LocalizationService: Localization service is disabled
[2020.04.30-10.48.53:607][  0]LogFileCache: Scanning file cache for directory 'C:/Users/Никита/Documents/Unreal Projects/Tropic_escape/Content/' took 0.01s
[2020.04.30-10.48.53:607][  0]LogCook: Display: Max memory allowance for cook 16384mb min free memory 0mb
[2020.04.30-10.48.53:607][  0]LogCook: Display: Mobile HDR setting 1
[2020.04.30-10.48.57:207][  0]SourceControl: Source control is disabled
[2020.04.30-10.48.57:208][  0]Cmd: MAP LOAD FILE="../../../../../../Users/Никита/Documents/Unreal Projects/Tropic_escape/Content/ThirdPersonBP/Maps/ThirdPersonExampleMap.umap" TEMPLATE=0 SHOWPROGRESS=1 FEATURELEVEL=3
[2020.04.30-10.48.57:208][  0]LightingResults: New page: Lighting Build
[2020.04.30-10.48.57:210][  0]LogWorld: UWorld::CleanupWorld for Untitled, bSessionEnded=true, bCleanupResources=true
[2020.04.30-10.48.57:210][  0]LogSlate: InvalidateAllWidgets triggered.  All widgets were invalidated
[2020.04.30-10.48.57:210][  0]MapCheck: New page: Map Check
[2020.04.30-10.48.57:210][  0]LightingResults: New page: Lighting Build
[2020.04.30-10.48.57:239][  0]LogUObjectHash: Compacting FUObjectHashTables data took   2.18ms
[2020.04.30-10.48.59:111][  0]LogAIModule: Creating AISystem for world ThirdPersonExampleMap
[2020.04.30-10.49.04:145][  0]LogEditorServer: Finished looking for orphan Actors (0.000 secs)
[2020.04.30-10.49.04:315][  0]LogUObjectHash: Compacting FUObjectHashTables data took   2.41ms
[2020.04.30-10.49.04:316][  0]Cmd: MAP CHECKDEP NOCLEARLOG
[2020.04.30-10.49.04:316][  0]MapCheck: Map check complete: 0 Error(s), 0 Warning(s), took 0,22ms to complete.
[2020.04.30-10.49.04:316][  0]LogFileHelpers: Loading map 'ThirdPersonExampleMap' took 7.109
[2020.04.30-10.49.04:490][  0]LogSlate: Updating window title bar state: overlay mode, drag disabled, window buttons hidden, title bar hidden
[2020.04.30-10.49.04:498][  0]LogSlate: Updating window title bar state: overlay mode, drag disabled, window buttons hidden, title bar hidden
[2020.04.30-10.49.04:506][  0]LogSlate: Updating window title bar state: overlay mode, drag disabled, window buttons hidden, title bar hidden
[2020.04.30-10.49.04:513][  0]LogSlate: Updating window title bar state: overlay mode, drag disabled, window buttons hidden, title bar hidden
[2020.04.30-10.49.04:524][  0]LogCollectionManager: Loaded 0 collections in 0.001773 seconds
[2020.04.30-10.49.04:538][  0]LogFileCache: Scanning file cache for directory 'C:/Users/Никита/Documents/Unreal Projects/Tropic_escape/Saved/Collections/' took 0.00s
[2020.04.30-10.49.04:538][  0]LogFileCache: Scanning file cache for directory 'C:/Users/Никита/Documents/Unreal Projects/Tropic_escape/Content/Developers/Никита/Collections/' took 0.00s
[2020.04.30-10.49.04:538][  0]LogFileCache: Scanning file cache for directory 'C:/Users/Никита/Documents/Unreal Projects/Tropic_escape/Content/Collections/' took 0.00s
[2020.04.30-10.49.04:538][  0]LogContentBrowser: Native class hierarchy populated in 0.0081 seconds. Added 3038 classes and 727 folders.
[2020.04.30-10.49.04:541][  0]LogContentBrowser: Native class hierarchy updated for 'WidgetCarousel' in 0.0002 seconds. Added 0 classes and 0 folders.
[2020.04.30-10.49.04:957][  0]LogContentBrowser: Native class hierarchy updated for 'AddContentDialog' in 0.0002 seconds. Added 0 classes and 0 folders.
[2020.04.30-10.49.04:962][  0]LogContentBrowser: Native class hierarchy updated for 'SceneOutliner' in 0.0003 seconds. Added 2 classes and 3 folders.
[2020.04.30-10.49.05:101][  0]LogSlate: Took 0.006758 seconds to synchronously load lazily loaded font '../../../Engine/Content/Slate/Fonts/Roboto-Regular.ttf' (155K)
[2020.04.30-10.49.05:110][  0]LogSlate: Took 0.006324 seconds to synchronously load lazily loaded font '../../../Engine/Content/Slate/Fonts/Roboto-Bold.ttf' (160K)
[2020.04.30-10.49.05:123][  0]LogSlate: Took 0.006912 seconds to synchronously load lazily loaded font '../../../Engine/Content/Editor/Slate/Fonts/FontAwesome.ttf' (139K)
[2020.04.30-10.49.05:447][  0]LogRenderer: Reallocating scene render targets to support 964x432 Format 9 NumSamples 1 (Frame:1).
[2020.04.30-10.49.05:890][  0]LogContentBrowser: Native class hierarchy updated for 'HierarchicalLODOutliner' in 0.0006 seconds. Added 0 classes and 0 folders.
[2020.04.30-10.49.05:890][  0]LogLoad: (Engine Initialization) Total time: 52.51 seconds
[2020.04.30-10.49.05:890][  0]LogLoad: (Engine Initialization) Total Blueprint compile time: 0.00 seconds
[2020.04.30-10.49.06:038][  0]LogContentStreaming: Texture pool size now 3000 MB
[2020.04.30-10.49.06:081][  0]LogSlate: Took 0.006173 seconds to synchronously load lazily loaded font '../../../Engine/Content/Slate/Fonts/Roboto-Light.ttf' (167K)
[2020.04.30-10.49.08:575][ 26]LogAssetRegistry: Asset discovery search completed in 29.2330 seconds
[2020.04.30-10.49.08:588][ 26]LogCollectionManager: Fixed up redirectors for 0 collections in 0.000020 seconds (updated 0 objects)
[2020.04.30-10.49.14:964][ 45]LogSlate: Window 'Plugins' being destroyed
[2020.04.30-10.49.14:975][ 45]LogSlate: Window 'Plugins' being destroyed
[2020.04.30-10.49.14:975][ 45]LogDirectoryWatcher: A directory notification for '../../../Engine/Plugins/' was aborted.
[2020.04.30-10.49.51:589][757]Cmd: DELETE
[2020.04.30-10.49.51:590][757]Cmd: ACTOR DELETE
[2020.04.30-10.49.51:725][757]LogEditorActor: Deleted Actor: HDRIBackdrop_C
[2020.04.30-10.49.51:820][757]LogUObjectHash: Compacting FUObjectHashTables data took  11.86ms
[2020.04.30-10.49.51:853][757]LogEditorActor: Deleted 1 Actors (0.251 secs)
[2020.04.30-10.53.43:411][874]LogSlate: Took 0.002097 seconds to synchronously load lazily loaded font '../../../Engine/Content/Slate/Fonts/Roboto-Light.ttf' (167K)
[2020.04.30-10.53.43:453][874]LogAssetEditorSubsystem: Opening Asset editor for World /Game/NewWorld.NewWorld
[2020.04.30-10.53.43:489][874]LogUObjectHash: Compacting FUObjectHashTables data took   1.74ms
[2020.04.30-10.53.46:223][874]LogSlate: Window 'Save Content' being destroyed
[2020.04.30-10.53.47:952][914]LogAssetEditorSubsystem: Opening Asset editor for World /Game/NewWorld.NewWorld
[2020.04.30-10.53.48:007][914]LogUObjectHash: Compacting FUObjectHashTables data took   1.15ms
[2020.04.30-10.53.49:135][914]LogSlate: Window 'Save Content' being destroyed
[2020.04.30-10.53.50:269][942]LogObjectTools: Deleting 1 worlds: /Game/NewWorld.NewWorld
[2020.04.30-10.53.50:269][942]LogObjectTools: Currently 2 active worlds: /Game/ThirdPersonBP/Maps/ThirdPersonExampleMap.ThirdPersonExampleMap, /Engine/Transient.World_0
[2020.04.30-10.53.50:340][942]LogUObjectHash: Compacting FUObjectHashTables data took   2.05ms
[2020.04.30-10.53.52:262][942]LogSlate: Window 'Delete Assets' being destroyed
[2020.04.30-10.53.52:306][942]LogWorld: UWorld::CleanupWorld for NewWorld, bSessionEnded=true, bCleanupResources=true
[2020.04.30-10.53.52:306][942]LogSlate: InvalidateAllWidgets triggered.  All widgets were invalidated
[2020.04.30-10.53.52:429][942]LogUObjectHash: Compacting FUObjectHashTables data took   0.73ms
[2020.04.30-10.55.40:097][ 23]LogSlate: Window 'Pick Parent Class' being destroyed
[2020.04.30-10.57.30:997][160]LogSlate: Window 'Pick Parent Class' being destroyed
[2020.04.30-10.57.41:399][359]LogAssetEditorSubsystem: Opening Asset editor for Blueprint /Game/NewBlueprint.NewBlueprint
[2020.04.30-10.57.41:837][359]LogContentBrowser: Native class hierarchy updated for 'BlueprintGraph' in 0.0008 seconds. Added 121 classes and 0 folders.
[2020.04.30-10.57.45:704][400]LogSlate: Window 'NewBlueprint' being destroyed
[2020.04.30-10.57.45:734][400]LogSlate: Window 'NewBlueprint' being destroyed
[2020.04.30-10.57.45:843][400]LogWorld: UWorld::CleanupWorld for World_1, bSessionEnded=true, bCleanupResources=true
[2020.04.30-10.57.45:844][400]LogSlate: InvalidateAllWidgets triggered.  All widgets were invalidated
[2020.04.30-10.58.54:319][ 71]LogUObjectHash: Compacting FUObjectHashTables data took  10.40ms
[2020.04.30-10.58.54:327][ 71]LogMetaData: Removing '/Game/plane_terrain.plane_terrain:UserConstructionScript.K2Node_FunctionEntry_0' ref from Metadata '/Game/NewBlueprint.PackageMetaData'
[2020.04.30-10.58.54:327][ 71]LogMetaData: Removing '/Game/plane_terrain.SKEL_plane_terrain_C' ref from Metadata '/Game/NewBlueprint.PackageMetaData'
[2020.04.30-10.58.54:327][ 71]LogMetaData: Removing '/Game/plane_terrain.plane_terrain_C' ref from Metadata '/Game/NewBlueprint.PackageMetaData'
[2020.04.30-10.58.54:327][ 71]LogMetaData: Removing '/Game/plane_terrain.plane_terrain:EventGraph.K2Node_Event_0' ref from Metadata '/Game/NewBlueprint.PackageMetaData'
[2020.04.30-10.58.54:327][ 71]LogMetaData: Removing '/Game/plane_terrain.plane_terrain:EventGraph.K2Node_Event_1' ref from Metadata '/Game/NewBlueprint.PackageMetaData'
[2020.04.30-10.58.54:327][ 71]LogMetaData: Removing '/Game/plane_terrain.plane_terrain:EventGraph.K2Node_Event_2' ref from Metadata '/Game/NewBlueprint.PackageMetaData'
[2020.04.30-10.58.54:425][ 71]Cmd: OBJ SAVEPACKAGE PACKAGE="/Game/plane_terrain" FILE="../../../../../../Users/Никита/Documents/Unreal Projects/Tropic_escape/Content/plane_terrain.uasset" SILENT=true
[2020.04.30-10.58.54:462][ 71]LogSavePackage: Moving '../../../../../../Users/Никита/Documents/Unreal Projects/Tropic_escape/Saved/plane_terrainB8D7943D4BAF8E9B5D445885A6F02FC2.tmp' to '../../../../../../Users/Никита/Documents/Unreal Projects/Tropic_escape/Content/plane_terrain.uasset'
[2020.04.30-10.58.54:778][ 71]LogUObjectHash: Compacting FUObjectHashTables data took   4.90ms
[2020.04.30-10.58.54:830][ 71]LogUObjectHash: Compacting FUObjectHashTables data took   4.80ms
[2020.04.30-10.58.54:877][ 71]LogUObjectHash: Compacting FUObjectHashTables data took   0.98ms
[2020.04.30-10.58.55:012][ 71]AssetCheck: New page: Asset Save: plane_terrain
[2020.04.30-10.58.55:012][ 71]LogContentValidation: Display: Validating Blueprint /Game/plane_terrain.plane_terrain
[2020.04.30-10.58.56:389][106]LogAssetEditorSubsystem: Opening Asset editor for Blueprint /Game/plane_terrain.plane_terrain
[2020.04.30-10.59.11:362][418]LogSlate: Window 'plane_terrain' being destroyed
[2020.04.30-10.59.11:394][418]LogSlate: Window 'plane_terrain' being destroyed
[2020.04.30-10.59.11:474][418]LogWorld: UWorld::CleanupWorld for World_2, bSessionEnded=true, bCleanupResources=true
[2020.04.30-10.59.11:474][418]LogSlate: InvalidateAllWidgets triggered.  All widgets were invalidated
[2020.04.30-10.59.13:160][457]LogAssetEditorSubsystem: Opening Asset editor for Blueprint /Game/plane_terrain.plane_terrain
[2020.04.30-10.59.18:150][567]LogSlate: Window 'plane_terrain' being destroyed
[2020.04.30-10.59.18:168][567]LogWorld: UWorld::CleanupWorld for World_3, bSessionEnded=true, bCleanupResources=true
[2020.04.30-10.59.18:168][567]LogSlate: InvalidateAllWidgets triggered.  All widgets were invalidated
[2020.04.30-10.59.18:323][567]LogAssetEditorSubsystem: Opening Asset editor for Blueprint /Game/plane_terrain.plane_terrain
[2020.04.30-10.59.18:829][567]LogSlate: Took 0.010365 seconds to synchronously load lazily loaded font '../../../Engine/Content/Slate/Fonts/Roboto-BoldCondensed.ttf' (158K)
[2020.04.30-10.59.22:189][633]LogSlate: Window 'plane_terrain' being destroyed
[2020.04.30-10.59.22:211][633]LogSlate: Window 'plane_terrain' being destroyed
[2020.04.30-10.59.22:241][633]LogWorld: UWorld::CleanupWorld for World_4, bSessionEnded=true, bCleanupResources=true
[2020.04.30-10.59.22:242][633]LogSlate: InvalidateAllWidgets triggered.  All widgets were invalidated
[2020.04.30-10.59.26:355][758]LogAssetEditorSubsystem: Opening Asset editor for Blueprint /Game/plane_terrain.plane_terrain
[2020.04.30-10.59.29:092][799]LogSlate: Took 0.019277 seconds to synchronously load lazily loaded font '../../../Engine/Content/Slate/Fonts/Roboto-Italic.ttf' (157K)
[2020.04.30-10.59.31:487][844]LogSlate: Window 'plane_terrain' being destroyed
[2020.04.30-10.59.31:509][844]LogSlate: Window 'plane_terrain' being destroyed
[2020.04.30-10.59.31:509][844]LogWorld: UWorld::CleanupWorld for World_5, bSessionEnded=true, bCleanupResources=true
[2020.04.30-10.59.31:510][844]LogSlate: InvalidateAllWidgets triggered.  All widgets were invalidated
[2020.04.30-10.59.33:255][881]LogUObjectHash: Compacting FUObjectHashTables data took   4.63ms
[2020.04.30-10.59.34:821][881]LogSlate: Window 'Delete Assets' being destroyed
[2020.04.30-10.59.34:965][881]LogUObjectHash: Compacting FUObjectHashTables data took   3.43ms
[2020.04.30-10.59.35:013][881]LogUObjectHash: Compacting FUObjectHashTables data took   2.76ms
[2020.04.30-10.59.35:045][881]LogUObjectHash: Compacting FUObjectHashTables data took   0.99ms
[2020.04.30-10.59.37:650][973]LogSlate: Warning: Slate: Had to block on waiting for a draw buffer
[2020.04.30-11.00.01:009][973]LogSlate: Window 'Pick Parent Class' being destroyed
[2020.04.30-11.00.03:773][ 41]LogAssetEditorSubsystem: Opening Asset editor for Blueprint /Game/NewBlueprint.NewBlueprint
[2020.04.30-11.00.04:527][ 42]LogUObjectHash: Compacting FUObjectHashTables data took   2.71ms
[2020.04.30-11.00.06:371][ 42]LogSavePackage: Moving '../../../../../../Users/Никита/Documents/Unreal Projects/Tropic_escape/Saved/ThirdPersonExampleMap_Auto1D754B20147FC44ECDF2C4F860CED1BBA.tmp' to '../../../../../../Users/Никита/Documents/Unreal Projects/Tropic_escape/Saved/Autosaves/Game/ThirdPersonBP/Maps/ThirdPersonExampleMap_Auto1.umap'
[2020.04.30-11.00.06:380][ 42]LogFileHelpers: Editor autosave (incl. sublevels) for '/Game/ThirdPersonBP/Maps/ThirdPersonExampleMap' took 1.901
[2020.04.30-11.00.06:380][ 42]LogFileHelpers: Editor autosave (incl. sublevels) for all levels took 1.901
[2020.04.30-11.00.06:381][ 42]OBJ SavePackage: Generating thumbnails for [0] asset(s) in package [/Game/NewBlueprint] ([1] browsable assets)...
[2020.04.30-11.00.06:381][ 42]OBJ SavePackage: Finished generating thumbnails for package [/Game/NewBlueprint]
[2020.04.30-11.00.06:381][ 42]Cmd: OBJ SAVEPACKAGE PACKAGE="/Game/NewBlueprint" FILE="../../../../../../Users/Никита/Documents/Unreal Projects/Tropic_escape/Saved/Autosaves/Game/NewBlueprint_Auto1.uasset" SILENT=false AUTOSAVING=true
[2020.04.30-11.00.06:398][ 42]LogSavePackage: Moving '../../../../../../Users/Никита/Documents/Unreal Projects/Tropic_escape/Saved/NewBlueprint_Auto1F6D6C0574A0F2B9814E90BA8C6B3BC12.tmp' to '../../../../../../Users/Никита/Documents/Unreal Projects/Tropic_escape/Saved/Autosaves/Game/NewBlueprint_Auto1.uasset'
[2020.04.30-11.00.06:399][ 42]LogFileHelpers: Auto-saving content packages took 0.018
[2020.04.30-11.01.43:114][321]LogRenderer: Reallocating scene render targets to support 964x684 Format 9 NumSamples 1 (Frame:874).
[2020.04.30-11.02.49:378][104]BlueprintLog: New page: Compile NewBlueprint
[2020.04.30-11.02.49:844][104]LogUObjectHash: Compacting FUObjectHashTables data took   4.79ms
[2020.04.30-11.03.09:789][343]LogSlate: Window 'NewBlueprint' being destroyed
[2020.04.30-11.03.09:825][343]LogSlate: Window 'NewBlueprint' being destroyed
[2020.04.30-11.03.09:938][343]LogWorld: UWorld::CleanupWorld for World_6, bSessionEnded=true, bCleanupResources=true
[2020.04.30-11.03.09:938][343]LogSlate: InvalidateAllWidgets triggered.  All widgets were invalidated
[2020.04.30-11.03.16:456][428]LogAssetEditorSubsystem: Opening Asset editor for Blueprint /Game/NewBlueprint.NewBlueprint
[2020.04.30-11.03.28:571][612]LogSlate: Window 'NewBlueprint' being destroyed
[2020.04.30-11.03.28:607][612]LogSlate: Window 'NewBlueprint' being destroyed
[2020.04.30-11.03.28:671][612]LogWorld: UWorld::CleanupWorld for World_7, bSessionEnded=true, bCleanupResources=true
[2020.04.30-11.03.28:672][612]LogSlate: InvalidateAllWidgets triggered.  All widgets were invalidated
[2020.04.30-11.06.31:581][196]LogMaterial: Display: Missing cached shader map for material M_Ground_Gravel, compiling. 
[2020.04.30-11.06.31:674][196]LogShaderCompilers: Display: Worker (1/3): shaders left to compile 46
[2020.04.30-11.06.31:674][196]LogShaderCompilers: Display: Worker (2/3): shaders left to compile 36
[2020.04.30-11.06.31:674][196]LogShaderCompilers: Display: Worker (3/3): shaders left to compile 26
[2020.04.30-11.06.31:674][196]LogMaterial: Display: Missing cached shader map for material M_Ground_Gravel, compiling. 
[2020.04.30-11.06.31:721][196]LogMaterial: Display: Missing cached shader map for material M_Ground_Gravel, compiling. 
[2020.04.30-11.06.32:203][196]LogMaterial: Display: Missing cached shader map for material M_Ground_Gravel, compiling. 
[2020.04.30-11.06.32:264][196]LogMaterial: Display: Missing cached shader map for material M_Ground_Gravel, compiling. 
[2020.04.30-11.06.32:325][196]LogMaterial: Display: Missing cached shader map for material M_Ground_Gravel, compiling. 
[2020.04.30-11.06.47:981][457]LogUObjectHash: Compacting FUObjectHashTables data took   8.53ms
[2020.04.30-11.06.49:858][457]LogSlate: Window 'Delete Assets' being destroyed
[2020.04.30-11.06.50:132][457]LogUObjectHash: Compacting FUObjectHashTables data took   5.89ms
[2020.04.30-11.07.04:289][713]LogUObjectHash: Compacting FUObjectHashTables data took   5.10ms
[2020.04.30-11.07.12:495][713]LogSlate: Window 'Delete Assets' being destroyed
